;  LST file generated by mikroListExporter - v.2.0 
; Date/Time: 12/18/2021 10:47:35 PM
;----------------------------------------------

;Address Opcode 	ASM
0x0000	0xF003EF3B  	GOTO        1654
0x0004	0x0000      	NOP
0x0006	0x0000      	NOP
0x0008	0xF000EF00  	GOTO        0
0x000C	0x0000      	NOP
0x000E	0x0000      	NOP
0x0010	0x0000      	NOP
0x0012	0x0000      	NOP
0x0014	0x0000      	NOP
0x0016	0x0000      	NOP
0x0018	0xD7F3      	BRA         0
_Delay_1us:
;__Lib_Delays.c,7 :: 		void Delay_1us() {
;__Lib_Delays.c,8 :: 		Delay_us(1);
0x001C	0x0000      	NOP
0x001E	0x0000      	NOP
;__Lib_Delays.c,9 :: 		}
L_end_Delay_1us:
0x0020	0x0012      	RETURN      0
; end of _Delay_1us
_Delay_5500us:
;__Lib_Delays.c,31 :: 		void Delay_5500us() {
;__Lib_Delays.c,32 :: 		Delay_us(5500);
0x0022	0x0E0F      	MOVLW       15
0x0024	0x6E0C      	MOVWF       R12, 0
0x0026	0x0E47      	MOVLW       71
0x0028	0x6E0D      	MOVWF       R13, 0
L_Delay_5500us5:
0x002A	0x2E0D      	DECFSZ      R13, 1, 0
0x002C	0xD7FE      	BRA         L_Delay_5500us5
0x002E	0x2E0C      	DECFSZ      R12, 1, 0
0x0030	0xD7FC      	BRA         L_Delay_5500us5
0x0032	0x0000      	NOP
0x0034	0x0000      	NOP
;__Lib_Delays.c,33 :: 		}
L_end_Delay_5500us:
0x0036	0x0012      	RETURN      0
; end of _Delay_5500us
_Delay_50us:
;__Lib_Delays.c,19 :: 		void Delay_50us() {
;__Lib_Delays.c,20 :: 		Delay_us(50);
0x0038	0x0E21      	MOVLW       33
0x003A	0x6E0D      	MOVWF       R13, 0
L_Delay_50us2:
0x003C	0x2E0D      	DECFSZ      R13, 1, 0
0x003E	0xD7FE      	BRA         L_Delay_50us2
;__Lib_Delays.c,21 :: 		}
L_end_Delay_50us:
0x0040	0x0012      	RETURN      0
; end of _Delay_50us
_Lcd_Cmd:
;__Lib_Lcd.c,18 :: 		
;__Lib_Lcd.c,20 :: 		
0x0042	0x0100      	MOVLB       0
0x0044	0xBFB3      	BTFSC       FARG_Lcd_Cmd_out_char, 7, 1
0x0046	0xD002      	BRA         L__Lcd_Cmd21
0x0048	0x9E83      	BCF         LCD_D7, BitPos(LCD_D7+0) 
0x004A	0xD001      	BRA         L__Lcd_Cmd22
L__Lcd_Cmd21:
0x004C	0x8E83      	BSF         LCD_D7, BitPos(LCD_D7+0) 
L__Lcd_Cmd22:
;__Lib_Lcd.c,21 :: 		
0x004E	0xBDB3      	BTFSC       FARG_Lcd_Cmd_out_char, 6, 1
0x0050	0xD002      	BRA         L__Lcd_Cmd23
0x0052	0x9C83      	BCF         LCD_D6, BitPos(LCD_D6+0) 
0x0054	0xD001      	BRA         L__Lcd_Cmd24
L__Lcd_Cmd23:
0x0056	0x8C83      	BSF         LCD_D6, BitPos(LCD_D6+0) 
L__Lcd_Cmd24:
;__Lib_Lcd.c,22 :: 		
0x0058	0xBBB3      	BTFSC       FARG_Lcd_Cmd_out_char, 5, 1
0x005A	0xD002      	BRA         L__Lcd_Cmd25
0x005C	0x9A83      	BCF         LCD_D5, BitPos(LCD_D5+0) 
0x005E	0xD001      	BRA         L__Lcd_Cmd26
L__Lcd_Cmd25:
0x0060	0x8A83      	BSF         LCD_D5, BitPos(LCD_D5+0) 
L__Lcd_Cmd26:
;__Lib_Lcd.c,23 :: 		
0x0062	0xB9B3      	BTFSC       FARG_Lcd_Cmd_out_char, 4, 1
0x0064	0xD002      	BRA         L__Lcd_Cmd27
0x0066	0x9883      	BCF         LCD_D4, BitPos(LCD_D4+0) 
0x0068	0xD001      	BRA         L__Lcd_Cmd28
L__Lcd_Cmd27:
0x006A	0x8883      	BSF         LCD_D4, BitPos(LCD_D4+0) 
L__Lcd_Cmd28:
;__Lib_Lcd.c,25 :: 		
0x006C	0xB18C      	BTFSC       __Lib_Lcd_cmd_status, BitPos(__Lib_Lcd_cmd_status+0), 1
0x006E	0xD002      	BRA         L__Lcd_Cmd29
0x0070	0x8484      	BSF         LCD_RS, BitPos(LCD_RS+0) 
0x0072	0xD001      	BRA         L__Lcd_Cmd30
L__Lcd_Cmd29:
0x0074	0x9484      	BCF         LCD_RS, BitPos(LCD_RS+0) 
L__Lcd_Cmd30:
;__Lib_Lcd.c,28 :: 		
0x0076	0x8284      	BSF         LCD_EN, BitPos(LCD_EN+0) 
;__Lib_Lcd.c,29 :: 		
0x0078	0xDFD1      	RCALL       _Delay_1us
;__Lib_Lcd.c,30 :: 		
0x007A	0x9284      	BCF         LCD_EN, BitPos(LCD_EN+0) 
;__Lib_Lcd.c,33 :: 		
0x007C	0xB7B3      	BTFSC       FARG_Lcd_Cmd_out_char, 3, 1
0x007E	0xD002      	BRA         L__Lcd_Cmd31
0x0080	0x9E83      	BCF         LCD_D7, BitPos(LCD_D7+0) 
0x0082	0xD001      	BRA         L__Lcd_Cmd32
L__Lcd_Cmd31:
0x0084	0x8E83      	BSF         LCD_D7, BitPos(LCD_D7+0) 
L__Lcd_Cmd32:
;__Lib_Lcd.c,34 :: 		
0x0086	0xB5B3      	BTFSC       FARG_Lcd_Cmd_out_char, 2, 1
0x0088	0xD002      	BRA         L__Lcd_Cmd33
0x008A	0x9C83      	BCF         LCD_D6, BitPos(LCD_D6+0) 
0x008C	0xD001      	BRA         L__Lcd_Cmd34
L__Lcd_Cmd33:
0x008E	0x8C83      	BSF         LCD_D6, BitPos(LCD_D6+0) 
L__Lcd_Cmd34:
;__Lib_Lcd.c,35 :: 		
0x0090	0xB3B3      	BTFSC       FARG_Lcd_Cmd_out_char, 1, 1
0x0092	0xD002      	BRA         L__Lcd_Cmd35
0x0094	0x9A83      	BCF         LCD_D5, BitPos(LCD_D5+0) 
0x0096	0xD001      	BRA         L__Lcd_Cmd36
L__Lcd_Cmd35:
0x0098	0x8A83      	BSF         LCD_D5, BitPos(LCD_D5+0) 
L__Lcd_Cmd36:
;__Lib_Lcd.c,36 :: 		
0x009A	0xB1B3      	BTFSC       FARG_Lcd_Cmd_out_char, 0, 1
0x009C	0xD002      	BRA         L__Lcd_Cmd37
0x009E	0x9883      	BCF         LCD_D4, BitPos(LCD_D4+0) 
0x00A0	0xD001      	BRA         L__Lcd_Cmd38
L__Lcd_Cmd37:
0x00A2	0x8883      	BSF         LCD_D4, BitPos(LCD_D4+0) 
L__Lcd_Cmd38:
;__Lib_Lcd.c,38 :: 		
0x00A4	0xB18C      	BTFSC       __Lib_Lcd_cmd_status, BitPos(__Lib_Lcd_cmd_status+0), 1
0x00A6	0xD002      	BRA         L__Lcd_Cmd39
0x00A8	0x8484      	BSF         LCD_RS, BitPos(LCD_RS+0) 
0x00AA	0xD001      	BRA         L__Lcd_Cmd40
L__Lcd_Cmd39:
0x00AC	0x9484      	BCF         LCD_RS, BitPos(LCD_RS+0) 
L__Lcd_Cmd40:
;__Lib_Lcd.c,40 :: 		
0x00AE	0x8284      	BSF         LCD_EN, BitPos(LCD_EN+0) 
;__Lib_Lcd.c,41 :: 		
0x00B0	0xDFB5      	RCALL       _Delay_1us
;__Lib_Lcd.c,42 :: 		
0x00B2	0x9284      	BCF         LCD_EN, BitPos(LCD_EN+0) 
;__Lib_Lcd.c,44 :: 		
0x00B4	0xA18C      	BTFSS       __Lib_Lcd_cmd_status, BitPos(__Lib_Lcd_cmd_status+0), 1
0x00B6	0xD002      	BRA         L_Lcd_Cmd0
;__Lib_Lcd.c,45 :: 		
0x00B8	0xDFB4      	RCALL       _Delay_5500us
0x00BA	0xD001      	BRA         L_Lcd_Cmd1
L_Lcd_Cmd0:
;__Lib_Lcd.c,47 :: 		
0x00BC	0xDFBD      	RCALL       _Delay_50us
L_Lcd_Cmd1:
;__Lib_Lcd.c,48 :: 		
L_end_Lcd_Cmd:
0x00BE	0x0012      	RETURN      0
; end of _Lcd_Cmd
_delay:
;i2c_manual.c,3 :: 		void delay(void)
;i2c_manual.c,6 :: 		NOP
0x00C0	0x0000      	NOP
;i2c_manual.c,7 :: 		NOP
0x00C2	0x0000      	NOP
;i2c_manual.c,8 :: 		NOP
0x00C4	0x0000      	NOP
;i2c_manual.c,9 :: 		NOP
0x00C6	0x0000      	NOP
;i2c_manual.c,10 :: 		NOP
0x00C8	0x0000      	NOP
;i2c_manual.c,11 :: 		NOP
0x00CA	0x0000      	NOP
;i2c_manual.c,12 :: 		NOP
0x00CC	0x0000      	NOP
;i2c_manual.c,13 :: 		NOP
0x00CE	0x0000      	NOP
;i2c_manual.c,15 :: 		}
L_end_delay:
0x00D0	0x0012      	RETURN      0
; end of _delay
_Lcd_Chr_CP:
;__Lib_Lcd.c,50 :: 		
;__Lib_Lcd.c,52 :: 		
0x00D2	0x0100      	MOVLB       0
0x00D4	0x918C      	BCF         __Lib_Lcd_cmd_status, BitPos(__Lib_Lcd_cmd_status+0), 1
;__Lib_Lcd.c,53 :: 		
0x00D6	0xF0B3C0B0  	MOVFF       FARG_Lcd_Chr_CP_out_char, FARG_Lcd_Cmd_out_char
0x00DA	0xDFB3      	RCALL       _Lcd_Cmd
;__Lib_Lcd.c,54 :: 		
0x00DC	0x818C      	BSF         __Lib_Lcd_cmd_status, BitPos(__Lib_Lcd_cmd_status+0), 1
;__Lib_Lcd.c,55 :: 		
L_end_Lcd_Chr_CP:
0x00DE	0x0012      	RETURN      0
; end of _Lcd_Chr_CP
_i2c_rb:
;i2c_manual.c,61 :: 		unsigned char i2c_rb(unsigned char ack)
;i2c_manual.c,64 :: 		unsigned char ret=0;
0x00E0	0x0100      	MOVLB       0
0x00E2	0x6BB2      	CLRF        i2c_rb_ret_L0, 1
;i2c_manual.c,66 :: 		ICLK=0;
0x00E4	0x9682      	BCF         RC3_bit, BitPos(RC3_bit+0) 
;i2c_manual.c,67 :: 		TIDAT=1;
0x00E6	0x8894      	BSF         TRISC4_bit, BitPos(TRISC4_bit+0) 
;i2c_manual.c,68 :: 		IDAT=1;
0x00E8	0x8882      	BSF         RC4_bit, BitPos(RC4_bit+0) 
;i2c_manual.c,70 :: 		for(i=0;i<8;i++)
0x00EA	0x6BB1      	CLRF        i2c_rb_i_L0, 1
L_i2c_rb3:
0x00EC	0x0E08      	MOVLW       8
0x00EE	0x5DB1      	SUBWF       i2c_rb_i_L0, 0, 1
0x00F0	0xE217      	BC          L_i2c_rb4
;i2c_manual.c,72 :: 		ICLK=1;
0x00F2	0x8682      	BSF         RC3_bit, BitPos(RC3_bit+0) 
;i2c_manual.c,73 :: 		delay();
0x00F4	0xDFE5      	RCALL       _delay
;i2c_manual.c,74 :: 		ret|=(IDAT<<(7-i));
0x00F6	0x51B1      	MOVF        i2c_rb_i_L0, 0, 1
0x00F8	0x0807      	SUBLW       7
0x00FA	0x6E00      	MOVWF       R0 
0x00FC	0x6A02      	CLRF        R2 
0x00FE	0xB882      	BTFSC       RC4_bit, BitPos(RC4_bit+0) 
0x0100	0x2A02      	INCF        R2, 1 
0x0102	0xF001C000  	MOVFF       R0, R1
0x0106	0xF000C002  	MOVFF       R2, R0
0x010A	0x5001      	MOVF        R1, 0 
L__i2c_rb18:
0x010C	0xE004      	BZ          L__i2c_rb19
0x010E	0x3600      	RLCF        R0, 1 
0x0110	0x9000      	BCF         R0, 0 
0x0112	0x0FFF      	ADDLW       255
0x0114	0xD7FB      	BRA         L__i2c_rb18
L__i2c_rb19:
0x0116	0x5000      	MOVF        R0, 0 
0x0118	0x13B2      	IORWF       i2c_rb_ret_L0, 1, 1
;i2c_manual.c,75 :: 		ICLK=0;
0x011A	0x9682      	BCF         RC3_bit, BitPos(RC3_bit+0) 
;i2c_manual.c,70 :: 		for(i=0;i<8;i++)
0x011C	0x2BB1      	INCF        i2c_rb_i_L0, 1, 1
;i2c_manual.c,76 :: 		}
0x011E	0xD7E6      	BRA         L_i2c_rb3
L_i2c_rb4:
;i2c_manual.c,77 :: 		TIDAT=0;
0x0120	0x9894      	BCF         TRISC4_bit, BitPos(TRISC4_bit+0) 
;i2c_manual.c,78 :: 		if(ack)
0x0122	0x53B0      	MOVF        FARG_i2c_rb_ack, 1, 1
0x0124	0xE002      	BZ          L_i2c_rb6
;i2c_manual.c,79 :: 		IDAT=0;
0x0126	0x9882      	BCF         RC4_bit, BitPos(RC4_bit+0) 
0x0128	0xD001      	BRA         L_i2c_rb7
L_i2c_rb6:
;i2c_manual.c,81 :: 		IDAT=1;
0x012A	0x8882      	BSF         RC4_bit, BitPos(RC4_bit+0) 
L_i2c_rb7:
;i2c_manual.c,82 :: 		delay();
0x012C	0xDFC9      	RCALL       _delay
;i2c_manual.c,83 :: 		ICLK=1;
0x012E	0x8682      	BSF         RC3_bit, BitPos(RC3_bit+0) 
;i2c_manual.c,84 :: 		delay();
0x0130	0xDFC7      	RCALL       _delay
;i2c_manual.c,85 :: 		ICLK=0;
0x0132	0x9682      	BCF         RC3_bit, BitPos(RC3_bit+0) 
;i2c_manual.c,87 :: 		return ret;
0x0134	0xF000C0B2  	MOVFF       i2c_rb_ret_L0, R0
;i2c_manual.c,88 :: 		}
L_end_i2c_rb:
0x0138	0x0012      	RETURN      0
; end of _i2c_rb
_i2c_stop:
;i2c_manual.c,33 :: 		void i2c_stop(void)
;i2c_manual.c,35 :: 		ICLK=1;
0x013A	0x8682      	BSF         RC3_bit, BitPos(RC3_bit+0) 
;i2c_manual.c,36 :: 		IDAT=0;
0x013C	0x9882      	BCF         RC4_bit, BitPos(RC4_bit+0) 
;i2c_manual.c,37 :: 		delay();
0x013E	0xDFC0      	RCALL       _delay
;i2c_manual.c,38 :: 		IDAT=1;
0x0140	0x8882      	BSF         RC4_bit, BitPos(RC4_bit+0) 
;i2c_manual.c,39 :: 		delay();
0x0142	0xDFBE      	RCALL       _delay
;i2c_manual.c,40 :: 		}
L_end_i2c_stop:
0x0144	0x0012      	RETURN      0
; end of _i2c_stop
_i2c_start:
;i2c_manual.c,24 :: 		void i2c_start(void)
;i2c_manual.c,26 :: 		ICLK=1;
0x0146	0x8682      	BSF         RC3_bit, BitPos(RC3_bit+0) 
;i2c_manual.c,27 :: 		IDAT=1;
0x0148	0x8882      	BSF         RC4_bit, BitPos(RC4_bit+0) 
;i2c_manual.c,28 :: 		delay();
0x014A	0xDFBA      	RCALL       _delay
;i2c_manual.c,29 :: 		IDAT=0;
0x014C	0x9882      	BCF         RC4_bit, BitPos(RC4_bit+0) 
;i2c_manual.c,30 :: 		delay();
0x014E	0xDFB8      	RCALL       _delay
;i2c_manual.c,31 :: 		}
L_end_i2c_start:
0x0150	0x0012      	RETURN      0
; end of _i2c_start
_i2c_wb:
;i2c_manual.c,42 :: 		void i2c_wb(unsigned char val)
;i2c_manual.c,45 :: 		ICLK=0;
0x0152	0x9682      	BCF         RC3_bit, BitPos(RC3_bit+0) 
;i2c_manual.c,47 :: 		for(i=0;i<8;i++)
0x0154	0x0100      	MOVLB       0
0x0156	0x6BB1      	CLRF        i2c_wb_i_L0, 1
L_i2c_wb0:
0x0158	0x0E08      	MOVLW       8
0x015A	0x5DB1      	SUBWF       i2c_wb_i_L0, 0, 1
0x015C	0xE21C      	BC          L_i2c_wb1
;i2c_manual.c,49 :: 		IDAT=((val>>(7-i))& 0x01);
0x015E	0x51B1      	MOVF        i2c_wb_i_L0, 0, 1
0x0160	0x0807      	SUBLW       7
0x0162	0x6E00      	MOVWF       R0 
0x0164	0x6A01      	CLRF        R1 
0x0166	0x0E00      	MOVLW       0
0x0168	0x5A01      	SUBWFB      R1, 1 
0x016A	0xF001C000  	MOVFF       R0, R1
0x016E	0xF000C0B0  	MOVFF       FARG_i2c_wb_val, R0
0x0172	0x5001      	MOVF        R1, 0 
L__i2c_wb13:
0x0174	0xE004      	BZ          L__i2c_wb14
0x0176	0x3200      	RRCF        R0, 1 
0x0178	0x9E00      	BCF         R0, 7 
0x017A	0x0FFF      	ADDLW       255
0x017C	0xD7FB      	BRA         L__i2c_wb13
L__i2c_wb14:
0x017E	0x0E01      	MOVLW       1
0x0180	0x1600      	ANDWF       R0, 1 
0x0182	0xB000      	BTFSC       R0, 0 
0x0184	0xD002      	BRA         L__i2c_wb15
0x0186	0x9882      	BCF         RC4_bit, BitPos(RC4_bit+0) 
0x0188	0xD001      	BRA         L__i2c_wb16
L__i2c_wb15:
0x018A	0x8882      	BSF         RC4_bit, BitPos(RC4_bit+0) 
L__i2c_wb16:
;i2c_manual.c,50 :: 		ICLK=1;
0x018C	0x8682      	BSF         RC3_bit, BitPos(RC3_bit+0) 
;i2c_manual.c,51 :: 		delay();
0x018E	0xDF98      	RCALL       _delay
;i2c_manual.c,52 :: 		ICLK=0;
0x0190	0x9682      	BCF         RC3_bit, BitPos(RC3_bit+0) 
;i2c_manual.c,47 :: 		for(i=0;i<8;i++)
0x0192	0x2BB1      	INCF        i2c_wb_i_L0, 1, 1
;i2c_manual.c,53 :: 		}
0x0194	0xD7E1      	BRA         L_i2c_wb0
L_i2c_wb1:
;i2c_manual.c,54 :: 		IDAT=1;
0x0196	0x8882      	BSF         RC4_bit, BitPos(RC4_bit+0) 
;i2c_manual.c,55 :: 		delay();
0x0198	0xDF93      	RCALL       _delay
;i2c_manual.c,56 :: 		ICLK=1;
0x019A	0x8682      	BSF         RC3_bit, BitPos(RC3_bit+0) 
;i2c_manual.c,57 :: 		delay();
0x019C	0xDF91      	RCALL       _delay
;i2c_manual.c,58 :: 		ICLK=0;
0x019E	0x9682      	BCF         RC3_bit, BitPos(RC3_bit+0) 
;i2c_manual.c,59 :: 		}
L_end_i2c_wb:
0x01A0	0x0012      	RETURN      0
; end of _i2c_wb
_Lcd_Init:
;__Lib_Lcd.c,84 :: 		
;__Lib_Lcd.c,86 :: 		
0x01A2	0x9296      	BCF         LCD_EN_Direction, BitPos(LCD_EN_Direction+0) 
;__Lib_Lcd.c,87 :: 		
0x01A4	0x9496      	BCF         LCD_RS_Direction, BitPos(LCD_RS_Direction+0) 
;__Lib_Lcd.c,88 :: 		
0x01A6	0x9895      	BCF         LCD_D4_Direction, BitPos(LCD_D4_Direction+0) 
;__Lib_Lcd.c,89 :: 		
0x01A8	0x9A95      	BCF         LCD_D5_Direction, BitPos(LCD_D5_Direction+0) 
;__Lib_Lcd.c,90 :: 		
0x01AA	0x9C95      	BCF         LCD_D6_Direction, BitPos(LCD_D6_Direction+0) 
;__Lib_Lcd.c,91 :: 		
0x01AC	0x9E95      	BCF         LCD_D7_Direction, BitPos(LCD_D7_Direction+0) 
;__Lib_Lcd.c,93 :: 		
0x01AE	0x9284      	BCF         LCD_EN, BitPos(LCD_EN+0) 
;__Lib_Lcd.c,94 :: 		
0x01B0	0x9484      	BCF         LCD_RS, BitPos(LCD_RS+0) 
;__Lib_Lcd.c,95 :: 		
0x01B2	0x9E83      	BCF         LCD_D7, BitPos(LCD_D7+0) 
;__Lib_Lcd.c,96 :: 		
0x01B4	0x9C83      	BCF         LCD_D6, BitPos(LCD_D6+0) 
;__Lib_Lcd.c,97 :: 		
0x01B6	0x9A83      	BCF         LCD_D5, BitPos(LCD_D5+0) 
;__Lib_Lcd.c,98 :: 		
0x01B8	0x9883      	BCF         LCD_D4, BitPos(LCD_D4+0) 
;__Lib_Lcd.c,100 :: 		
0x01BA	0xDF33      	RCALL       _Delay_5500us
;__Lib_Lcd.c,101 :: 		
0x01BC	0xDF32      	RCALL       _Delay_5500us
;__Lib_Lcd.c,102 :: 		
0x01BE	0xDF31      	RCALL       _Delay_5500us
;__Lib_Lcd.c,105 :: 		
0x01C0	0x8A83      	BSF         LCD_D5, BitPos(LCD_D5+0) 
;__Lib_Lcd.c,106 :: 		
0x01C2	0x8883      	BSF         LCD_D4, BitPos(LCD_D4+0) 
;__Lib_Lcd.c,107 :: 		
0x01C4	0x8284      	BSF         LCD_EN, BitPos(LCD_EN+0) 
;__Lib_Lcd.c,108 :: 		
0x01C6	0xDF2A      	RCALL       _Delay_1us
;__Lib_Lcd.c,109 :: 		
0x01C8	0x9284      	BCF         LCD_EN, BitPos(LCD_EN+0) 
;__Lib_Lcd.c,110 :: 		
0x01CA	0xDF2B      	RCALL       _Delay_5500us
;__Lib_Lcd.c,112 :: 		
0x01CC	0x8284      	BSF         LCD_EN, BitPos(LCD_EN+0) 
;__Lib_Lcd.c,113 :: 		
0x01CE	0xDF26      	RCALL       _Delay_1us
;__Lib_Lcd.c,114 :: 		
0x01D0	0x9284      	BCF         LCD_EN, BitPos(LCD_EN+0) 
;__Lib_Lcd.c,115 :: 		
0x01D2	0xDF27      	RCALL       _Delay_5500us
;__Lib_Lcd.c,117 :: 		
0x01D4	0x8284      	BSF         LCD_EN, BitPos(LCD_EN+0) 
;__Lib_Lcd.c,118 :: 		
0x01D6	0xDF22      	RCALL       _Delay_1us
;__Lib_Lcd.c,119 :: 		
0x01D8	0x9284      	BCF         LCD_EN, BitPos(LCD_EN+0) 
;__Lib_Lcd.c,120 :: 		
0x01DA	0xDF23      	RCALL       _Delay_5500us
;__Lib_Lcd.c,123 :: 		
0x01DC	0x9883      	BCF         LCD_D4, BitPos(LCD_D4+0) 
;__Lib_Lcd.c,124 :: 		
0x01DE	0x8284      	BSF         LCD_EN, BitPos(LCD_EN+0) 
;__Lib_Lcd.c,125 :: 		
0x01E0	0xDF1D      	RCALL       _Delay_1us
;__Lib_Lcd.c,126 :: 		
0x01E2	0x9284      	BCF         LCD_EN, BitPos(LCD_EN+0) 
;__Lib_Lcd.c,127 :: 		
0x01E4	0xDF1E      	RCALL       _Delay_5500us
;__Lib_Lcd.c,130 :: 		
0x01E6	0x8284      	BSF         LCD_EN, BitPos(LCD_EN+0) 
;__Lib_Lcd.c,131 :: 		
0x01E8	0xDF19      	RCALL       _Delay_1us
;__Lib_Lcd.c,132 :: 		
0x01EA	0x9284      	BCF         LCD_EN, BitPos(LCD_EN+0) 
;__Lib_Lcd.c,134 :: 		
0x01EC	0x9A83      	BCF         LCD_D5, BitPos(LCD_D5+0) 
;__Lib_Lcd.c,135 :: 		
0x01EE	0x8E83      	BSF         LCD_D7, BitPos(LCD_D7+0) 
;__Lib_Lcd.c,136 :: 		
0x01F0	0x8284      	BSF         LCD_EN, BitPos(LCD_EN+0) 
;__Lib_Lcd.c,137 :: 		
0x01F2	0xDF14      	RCALL       _Delay_1us
;__Lib_Lcd.c,138 :: 		
0x01F4	0x9284      	BCF         LCD_EN, BitPos(LCD_EN+0) 
;__Lib_Lcd.c,139 :: 		
0x01F6	0xDF15      	RCALL       _Delay_5500us
;__Lib_Lcd.c,142 :: 		
0x01F8	0x9E83      	BCF         LCD_D7, BitPos(LCD_D7+0) 
;__Lib_Lcd.c,143 :: 		
0x01FA	0x8883      	BSF         LCD_D4, BitPos(LCD_D4+0) 
;__Lib_Lcd.c,144 :: 		
0x01FC	0x8284      	BSF         LCD_EN, BitPos(LCD_EN+0) 
;__Lib_Lcd.c,145 :: 		
0x01FE	0xDF0E      	RCALL       _Delay_1us
;__Lib_Lcd.c,146 :: 		
0x0200	0x9284      	BCF         LCD_EN, BitPos(LCD_EN+0) 
;__Lib_Lcd.c,148 :: 		
0x0202	0x9883      	BCF         LCD_D4, BitPos(LCD_D4+0) 
;__Lib_Lcd.c,149 :: 		
0x0204	0x8284      	BSF         LCD_EN, BitPos(LCD_EN+0) 
;__Lib_Lcd.c,150 :: 		
0x0206	0xDF0A      	RCALL       _Delay_1us
;__Lib_Lcd.c,151 :: 		
0x0208	0x9284      	BCF         LCD_EN, BitPos(LCD_EN+0) 
;__Lib_Lcd.c,152 :: 		
0x020A	0xDF0B      	RCALL       _Delay_5500us
;__Lib_Lcd.c,155 :: 		
0x020C	0x8284      	BSF         LCD_EN, BitPos(LCD_EN+0) 
;__Lib_Lcd.c,156 :: 		
0x020E	0xDF06      	RCALL       _Delay_1us
;__Lib_Lcd.c,157 :: 		
0x0210	0x9284      	BCF         LCD_EN, BitPos(LCD_EN+0) 
;__Lib_Lcd.c,159 :: 		
0x0212	0x8883      	BSF         LCD_D4, BitPos(LCD_D4+0) 
;__Lib_Lcd.c,160 :: 		
0x0214	0x8284      	BSF         LCD_EN, BitPos(LCD_EN+0) 
;__Lib_Lcd.c,161 :: 		
0x0216	0xDF02      	RCALL       _Delay_1us
;__Lib_Lcd.c,162 :: 		
0x0218	0x9284      	BCF         LCD_EN, BitPos(LCD_EN+0) 
;__Lib_Lcd.c,163 :: 		
0x021A	0xDF03      	RCALL       _Delay_5500us
;__Lib_Lcd.c,166 :: 		
0x021C	0x9883      	BCF         LCD_D4, BitPos(LCD_D4+0) 
;__Lib_Lcd.c,167 :: 		
0x021E	0x8284      	BSF         LCD_EN, BitPos(LCD_EN+0) 
;__Lib_Lcd.c,168 :: 		
0x0220	0xDEFD      	RCALL       _Delay_1us
;__Lib_Lcd.c,169 :: 		
0x0222	0x9284      	BCF         LCD_EN, BitPos(LCD_EN+0) 
;__Lib_Lcd.c,171 :: 		
0x0224	0x8E83      	BSF         LCD_D7, BitPos(LCD_D7+0) 
;__Lib_Lcd.c,172 :: 		
0x0226	0x8C83      	BSF         LCD_D6, BitPos(LCD_D6+0) 
;__Lib_Lcd.c,173 :: 		
0x0228	0x8A83      	BSF         LCD_D5, BitPos(LCD_D5+0) 
;__Lib_Lcd.c,174 :: 		
0x022A	0x8883      	BSF         LCD_D4, BitPos(LCD_D4+0) 
;__Lib_Lcd.c,175 :: 		
0x022C	0x8284      	BSF         LCD_EN, BitPos(LCD_EN+0) 
;__Lib_Lcd.c,176 :: 		
0x022E	0xDEF6      	RCALL       _Delay_1us
;__Lib_Lcd.c,177 :: 		
0x0230	0x9284      	BCF         LCD_EN, BitPos(LCD_EN+0) 
;__Lib_Lcd.c,179 :: 		
0x0232	0xDEF7      	RCALL       _Delay_5500us
;__Lib_Lcd.c,181 :: 		
0x0234	0x0100      	MOVLB       0
0x0236	0x818C      	BSF         __Lib_Lcd_cmd_status, BitPos(__Lib_Lcd_cmd_status+0), 1
;__Lib_Lcd.c,182 :: 		
L_end_Lcd_Init:
0x0238	0x0012      	RETURN      0
; end of _Lcd_Init
_Lcd_Out:
;__Lib_Lcd.c,184 :: 		
;__Lib_Lcd.c,187 :: 		
0x023A	0xD010      	BRA         L_Lcd_Out11
;__Lib_Lcd.c,188 :: 		
L_Lcd_Out13:
0x023C	0x0E80      	MOVLW       128
0x023E	0x0100      	MOVLB       0
0x0240	0x6FAB      	MOVWF       FARG_Lcd_Out_row, 1
0x0242	0xD01A      	BRA         L_Lcd_Out12
;__Lib_Lcd.c,189 :: 		
L_Lcd_Out14:
0x0244	0x0EC0      	MOVLW       192
0x0246	0x6FAB      	MOVWF       FARG_Lcd_Out_row, 1
0x0248	0xD017      	BRA         L_Lcd_Out12
;__Lib_Lcd.c,190 :: 		
L_Lcd_Out15:
0x024A	0x0E94      	MOVLW       148
0x024C	0x6FAB      	MOVWF       FARG_Lcd_Out_row, 1
0x024E	0xD014      	BRA         L_Lcd_Out12
;__Lib_Lcd.c,191 :: 		
L_Lcd_Out16:
0x0250	0x0ED4      	MOVLW       212
0x0252	0x6FAB      	MOVWF       FARG_Lcd_Out_row, 1
0x0254	0xD011      	BRA         L_Lcd_Out12
;__Lib_Lcd.c,192 :: 		
L_Lcd_Out17:
0x0256	0x0E80      	MOVLW       128
0x0258	0x6FAB      	MOVWF       FARG_Lcd_Out_row, 1
;__Lib_Lcd.c,193 :: 		
0x025A	0xD00E      	BRA         L_Lcd_Out12
L_Lcd_Out11:
0x025C	0x0100      	MOVLB       0
0x025E	0x51AB      	MOVF        FARG_Lcd_Out_row, 0, 1
0x0260	0x0A01      	XORLW       1
0x0262	0xE0EC      	BZ          L_Lcd_Out13
0x0264	0x51AB      	MOVF        FARG_Lcd_Out_row, 0, 1
0x0266	0x0A02      	XORLW       2
0x0268	0xE0ED      	BZ          L_Lcd_Out14
0x026A	0x51AB      	MOVF        FARG_Lcd_Out_row, 0, 1
0x026C	0x0A03      	XORLW       3
0x026E	0xE0ED      	BZ          L_Lcd_Out15
0x0270	0x51AB      	MOVF        FARG_Lcd_Out_row, 0, 1
0x0272	0x0A04      	XORLW       4
0x0274	0xE0ED      	BZ          L_Lcd_Out16
0x0276	0xD7EF      	BRA         L_Lcd_Out17
L_Lcd_Out12:
;__Lib_Lcd.c,194 :: 		
0x0278	0x05AC      	DECF        FARG_Lcd_Out_column, 0, 1
0x027A	0x6E00      	MOVWF       R0 
0x027C	0x51AB      	MOVF        FARG_Lcd_Out_row, 0, 1
0x027E	0x2600      	ADDWF       R0, 1 
0x0280	0xF0ABC000  	MOVFF       R0, FARG_Lcd_Out_row
;__Lib_Lcd.c,196 :: 		
0x0284	0xF0B3C000  	MOVFF       R0, FARG_Lcd_Cmd_out_char
0x0288	0xDEDC      	RCALL       _Lcd_Cmd
;__Lib_Lcd.c,197 :: 		
0x028A	0x918C      	BCF         __Lib_Lcd_cmd_status, BitPos(__Lib_Lcd_cmd_status+0), 1
;__Lib_Lcd.c,198 :: 		
0x028C	0x6BAF      	CLRF        Lcd_Out_i_L0, 1
;__Lib_Lcd.c,199 :: 		
L_Lcd_Out18:
0x028E	0x51AF      	MOVF        Lcd_Out_i_L0, 0, 1
0x0290	0x25AD      	ADDWF       FARG_Lcd_Out_text, 0, 1
0x0292	0x6EE9      	MOVWF       FSR0L 
0x0294	0x0E00      	MOVLW       0
0x0296	0x21AE      	ADDWFC      FARG_Lcd_Out_text+1, 0, 1
0x0298	0x6EEA      	MOVWF       FSR0L+1 
0x029A	0x52EE      	MOVF        POSTINC0, 1 
0x029C	0xE00B      	BZ          L_Lcd_Out19
;__Lib_Lcd.c,200 :: 		
0x029E	0x51AF      	MOVF        Lcd_Out_i_L0, 0, 1
0x02A0	0x25AD      	ADDWF       FARG_Lcd_Out_text, 0, 1
0x02A2	0x6EE9      	MOVWF       FSR0L 
0x02A4	0x0E00      	MOVLW       0
0x02A6	0x21AE      	ADDWFC      FARG_Lcd_Out_text+1, 0, 1
0x02A8	0x6EEA      	MOVWF       FSR0L+1 
0x02AA	0xF0B0CFEE  	MOVFF       POSTINC0, FARG_Lcd_Chr_CP_out_char
0x02AE	0xDF11      	RCALL       _Lcd_Chr_CP
0x02B0	0x2BAF      	INCF        Lcd_Out_i_L0, 1, 1
0x02B2	0xD7ED      	BRA         L_Lcd_Out18
L_Lcd_Out19:
;__Lib_Lcd.c,201 :: 		
0x02B4	0x818C      	BSF         __Lib_Lcd_cmd_status, BitPos(__Lib_Lcd_cmd_status+0), 1
;__Lib_Lcd.c,202 :: 		
L_end_Lcd_Out:
0x02B6	0x0012      	RETURN      0
; end of _Lcd_Out
Rtc_getu:
;Rtc.c,11 :: 		static unsigned char getu(unsigned char nn)
;Rtc.c,13 :: 		return (nn  & 0x0F)+0x30;
0x02B8	0x0E0F      	MOVLW       15
0x02BA	0x0100      	MOVLB       0
0x02BC	0x15AB      	ANDWF       FARG_Rtc_getu_nn, 0, 1
0x02BE	0x6E00      	MOVWF       R0 
0x02C0	0x0E30      	MOVLW       48
0x02C2	0x2600      	ADDWF       R0, 1 
;Rtc.c,14 :: 		}
L_end_getu:
0x02C4	0x0012      	RETURN      0
; end of Rtc_getu
Rtc_getd:
;Rtc.c,6 :: 		static unsigned char getd(unsigned char nn)
;Rtc.c,8 :: 		return ((nn & 0xF0)>>4)+0x30;
0x02C6	0x0EF0      	MOVLW       240
0x02C8	0x0100      	MOVLB       0
0x02CA	0x15AB      	ANDWF       FARG_Rtc_getd_nn, 0, 1
0x02CC	0x6E02      	MOVWF       R2 
0x02CE	0xF000C002  	MOVFF       R2, R0
0x02D2	0x3200      	RRCF        R0, 1 
0x02D4	0x9E00      	BCF         R0, 7 
0x02D6	0x3200      	RRCF        R0, 1 
0x02D8	0x9E00      	BCF         R0, 7 
0x02DA	0x3200      	RRCF        R0, 1 
0x02DC	0x9E00      	BCF         R0, 7 
0x02DE	0x3200      	RRCF        R0, 1 
0x02E0	0x9E00      	BCF         R0, 7 
0x02E2	0x0E30      	MOVLW       48
0x02E4	0x2600      	ADDWF       R0, 1 
;Rtc.c,9 :: 		}
L_end_getd:
0x02E6	0x0012      	RETURN      0
; end of Rtc_getd
_EepromExt_Read:
;Eeprom_Ext.c,4 :: 		unsigned char EepromExt_Read(unsigned int addr)
;Eeprom_Ext.c,10 :: 		ah=(addr&0x0100)>>8;
0x02E8	0x0E00      	MOVLW       0
0x02EA	0x0100      	MOVLB       0
0x02EC	0x15AB      	ANDWF       FARG_EepromExt_Read_addr, 0, 1
0x02EE	0x6E03      	MOVWF       R3 
0x02F0	0x51AC      	MOVF        FARG_EepromExt_Read_addr+1, 0, 1
0x02F2	0x0B01      	ANDLW       1
0x02F4	0x6E04      	MOVWF       R4 
0x02F6	0xF000C004  	MOVFF       R4, R0
0x02FA	0x6A01      	CLRF        R1 
0x02FC	0xF0AEC000  	MOVFF       R0, EepromExt_Read_ah_L0
;Eeprom_Ext.c,11 :: 		al=addr&0x00FF;
0x0300	0x0EFF      	MOVLW       255
0x0302	0x15AB      	ANDWF       FARG_EepromExt_Read_addr, 0, 1
0x0304	0x6FAF      	MOVWF       EepromExt_Read_al_L0, 1
;Eeprom_Ext.c,13 :: 		i2c_start();
0x0306	0xDF1F      	RCALL       _i2c_start
;Eeprom_Ext.c,14 :: 		if(ah)
0x0308	0x53AE      	MOVF        EepromExt_Read_ah_L0, 1, 1
0x030A	0xE004      	BZ          L_EepromExt_Read0
;Eeprom_Ext.c,16 :: 		i2c_wb(0xA2);
0x030C	0x0EA2      	MOVLW       162
0x030E	0x6FB0      	MOVWF       FARG_i2c_wb_val, 1
0x0310	0xDF20      	RCALL       _i2c_wb
;Eeprom_Ext.c,17 :: 		}
0x0312	0xD003      	BRA         L_EepromExt_Read1
L_EepromExt_Read0:
;Eeprom_Ext.c,20 :: 		i2c_wb(0xA0);
0x0314	0x0EA0      	MOVLW       160
0x0316	0x6FB0      	MOVWF       FARG_i2c_wb_val, 1
0x0318	0xDF1C      	RCALL       _i2c_wb
;Eeprom_Ext.c,21 :: 		}
L_EepromExt_Read1:
;Eeprom_Ext.c,22 :: 		i2c_wb(al);
0x031A	0xF0B0C0AF  	MOVFF       EepromExt_Read_al_L0, FARG_i2c_wb_val
0x031E	0xDF19      	RCALL       _i2c_wb
;Eeprom_Ext.c,24 :: 		i2c_start();
0x0320	0xDF12      	RCALL       _i2c_start
;Eeprom_Ext.c,25 :: 		if(ah)
0x0322	0x53AE      	MOVF        EepromExt_Read_ah_L0, 1, 1
0x0324	0xE004      	BZ          L_EepromExt_Read2
;Eeprom_Ext.c,27 :: 		i2c_wb(0xA3);
0x0326	0x0EA3      	MOVLW       163
0x0328	0x6FB0      	MOVWF       FARG_i2c_wb_val, 1
0x032A	0xDF13      	RCALL       _i2c_wb
;Eeprom_Ext.c,28 :: 		}
0x032C	0xD003      	BRA         L_EepromExt_Read3
L_EepromExt_Read2:
;Eeprom_Ext.c,31 :: 		i2c_wb(0xA1);
0x032E	0x0EA1      	MOVLW       161
0x0330	0x6FB0      	MOVWF       FARG_i2c_wb_val, 1
0x0332	0xDF0F      	RCALL       _i2c_wb
;Eeprom_Ext.c,32 :: 		}
L_EepromExt_Read3:
;Eeprom_Ext.c,33 :: 		ret=i2c_rb(1);
0x0334	0x0E01      	MOVLW       1
0x0336	0x6FB0      	MOVWF       FARG_i2c_rb_ack, 1
0x0338	0xDED3      	RCALL       _i2c_rb
0x033A	0xF0ADC000  	MOVFF       R0, EepromExt_Read_ret_L0
;Eeprom_Ext.c,34 :: 		i2c_stop();
0x033E	0xDEFD      	RCALL       _i2c_stop
;Eeprom_Ext.c,36 :: 		return ret;
0x0340	0xF000C0AD  	MOVFF       EepromExt_Read_ret_L0, R0
;Eeprom_Ext.c,37 :: 		}
L_end_EepromExt_Read:
0x0344	0x0012      	RETURN      0
; end of _EepromExt_Read
___CC2DW:
;__Lib_System.c,21 :: 		
;__Lib_System.c,23 :: 		
_CC2DL_Loop1:
;__Lib_System.c,24 :: 		
0x0346	0x0009      	TBLRD*+
;__Lib_System.c,25 :: 		
0x0348	0xFFE6CFF5  	MOVFF       TABLAT, POSTINC1
;__Lib_System.c,26 :: 		
0x034C	0x0600      	DECF        R0, 1, 0
;__Lib_System.c,27 :: 		
0x034E	0xE1FB      	BNZ         _CC2DL_Loop1
;__Lib_System.c,28 :: 		
0x0350	0x0601      	DECF        R1, 1, 0
;__Lib_System.c,29 :: 		
0x0352	0xE1F9      	BNZ         _CC2DL_Loop1
;__Lib_System.c,31 :: 		
L_end___CC2DW:
0x0354	0x0012      	RETURN      0
; end of ___CC2DW
_InitLCD:
;Lcd.c,2 :: 		void InitLCD()
;Lcd.c,4 :: 		TRISD=0;
0x0356	0x6A95      	CLRF        TRISD 
;Lcd.c,5 :: 		PORTD=0;
0x0358	0x6A83      	CLRF        PORTD 
;Lcd.c,6 :: 		TRISE=0;
0x035A	0x6A96      	CLRF        TRISE 
;Lcd.c,7 :: 		PORTE=0;
0x035C	0x6A84      	CLRF        PORTE 
;Lcd.c,9 :: 		Lcd_Init();                // Initialize LCD
0x035E	0xDF21      	RCALL       _Lcd_Init
;Lcd.c,10 :: 		Lcd_Cmd(_LCD_CLEAR);       // Clear LCD display
0x0360	0x0E01      	MOVLW       1
0x0362	0x6FB3      	MOVWF       FARG_Lcd_Cmd_out_char, 1
0x0364	0xDE6E      	RCALL       _Lcd_Cmd
;Lcd.c,11 :: 		Lcd_Cmd(_LCD_CURSOR_OFF);  // Turn cursor off
0x0366	0x0E0C      	MOVLW       12
0x0368	0x6FB3      	MOVWF       FARG_Lcd_Cmd_out_char, 1
0x036A	0xDE6B      	RCALL       _Lcd_Cmd
;Lcd.c,13 :: 		Lcd_Out(1,2,"TKH & Coventry");
0x036C	0x0E01      	MOVLW       1
0x036E	0x6FAB      	MOVWF       FARG_Lcd_Out_row, 1
0x0370	0x0E02      	MOVLW       2
0x0372	0x6FAC      	MOVWF       FARG_Lcd_Out_column, 1
0x0374	0x0E30      	MOVLW       ?lstr1_Lcd
0x0376	0x6FAD      	MOVWF       FARG_Lcd_Out_text, 1
0x0378	0x0E00      	MOVLW       hi_addr(?lstr1_Lcd)
0x037A	0x6FAE      	MOVWF       FARG_Lcd_Out_text+1, 1
0x037C	0xDF5E      	RCALL       _Lcd_Out
;Lcd.c,14 :: 		Lcd_Out(2,1,"ES Final Project");
0x037E	0x0E02      	MOVLW       2
0x0380	0x6FAB      	MOVWF       FARG_Lcd_Out_row, 1
0x0382	0x0E01      	MOVLW       1
0x0384	0x6FAC      	MOVWF       FARG_Lcd_Out_column, 1
0x0386	0x0E15      	MOVLW       ?lstr2_Lcd
0x0388	0x6FAD      	MOVWF       FARG_Lcd_Out_text, 1
0x038A	0x0E00      	MOVLW       hi_addr(?lstr2_Lcd)
0x038C	0x6FAE      	MOVWF       FARG_Lcd_Out_text+1, 1
0x038E	0xDF55      	RCALL       _Lcd_Out
;Lcd.c,15 :: 		delay_ms(3000);
0x0390	0x0E1F      	MOVLW       31
0x0392	0x6E0B      	MOVWF       R11, 0
0x0394	0x0E71      	MOVLW       113
0x0396	0x6E0C      	MOVWF       R12, 0
0x0398	0x0E1E      	MOVLW       30
0x039A	0x6E0D      	MOVWF       R13, 0
L_InitLCD0:
0x039C	0x2E0D      	DECFSZ      R13, 1, 0
0x039E	0xD7FE      	BRA         L_InitLCD0
0x03A0	0x2E0C      	DECFSZ      R12, 1, 0
0x03A2	0xD7FC      	BRA         L_InitLCD0
0x03A4	0x2E0B      	DECFSZ      R11, 1, 0
0x03A6	0xD7FA      	BRA         L_InitLCD0
0x03A8	0x0000      	NOP
;Lcd.c,16 :: 		Lcd_Cmd(_LCD_CLEAR);       // Clear LCD display
0x03AA	0x0E01      	MOVLW       1
0x03AC	0x6FB3      	MOVWF       FARG_Lcd_Cmd_out_char, 1
0x03AE	0xDE49      	RCALL       _Lcd_Cmd
;Lcd.c,18 :: 		}
L_end_InitLCD:
0x03B0	0x0012      	RETURN      0
; end of _InitLCD
_Lcd_Out_CP:
;__Lib_Lcd.c,57 :: 		
;__Lib_Lcd.c,59 :: 		
0x03B2	0x0100      	MOVLB       0
0x03B4	0x6BA5      	CLRF        Lcd_Out_CP_i_L0, 1
;__Lib_Lcd.c,60 :: 		
L_Lcd_Out_CP2:
0x03B6	0x51A5      	MOVF        Lcd_Out_CP_i_L0, 0, 1
0x03B8	0x25A3      	ADDWF       FARG_Lcd_Out_CP_text, 0, 1
0x03BA	0x6EE9      	MOVWF       FSR0L 
0x03BC	0x0E00      	MOVLW       0
0x03BE	0x21A4      	ADDWFC      FARG_Lcd_Out_CP_text+1, 0, 1
0x03C0	0x6EEA      	MOVWF       FSR0L+1 
0x03C2	0x52EE      	MOVF        POSTINC0, 1 
0x03C4	0xE00B      	BZ          L_Lcd_Out_CP3
;__Lib_Lcd.c,61 :: 		
0x03C6	0x51A5      	MOVF        Lcd_Out_CP_i_L0, 0, 1
0x03C8	0x25A3      	ADDWF       FARG_Lcd_Out_CP_text, 0, 1
0x03CA	0x6EE9      	MOVWF       FSR0L 
0x03CC	0x0E00      	MOVLW       0
0x03CE	0x21A4      	ADDWFC      FARG_Lcd_Out_CP_text+1, 0, 1
0x03D0	0x6EEA      	MOVWF       FSR0L+1 
0x03D2	0xF0B0CFEE  	MOVFF       POSTINC0, FARG_Lcd_Chr_CP_out_char
0x03D6	0xDE7D      	RCALL       _Lcd_Chr_CP
0x03D8	0x2BA5      	INCF        Lcd_Out_CP_i_L0, 1, 1
;__Lib_Lcd.c,62 :: 		
0x03DA	0xD7ED      	BRA         L_Lcd_Out_CP2
L_Lcd_Out_CP3:
;__Lib_Lcd.c,63 :: 		
L_end_Lcd_Out_CP:
0x03DC	0x0012      	RETURN      0
; end of _Lcd_Out_CP
_EepromExt_Write:
;Eeprom_Ext.c,40 :: 		void EepromExt_Write(unsigned int addr, unsigned char val)
;Eeprom_Ext.c,47 :: 		tmp=val;
0x03DE	0xF0A6C0A5  	MOVFF       FARG_EepromExt_Write_val, EepromExt_Write_tmp_L0
0x03E2	0x0E00      	MOVLW       0
0x03E4	0x0100      	MOVLB       0
0x03E6	0x6FA7      	MOVWF       EepromExt_Write_tmp_L0+1, 1
;Eeprom_Ext.c,48 :: 		ah=(addr&0x0100)>>8;
0x03E8	0x0E00      	MOVLW       0
0x03EA	0x15A3      	ANDWF       FARG_EepromExt_Write_addr, 0, 1
0x03EC	0x6E03      	MOVWF       R3 
0x03EE	0x51A4      	MOVF        FARG_EepromExt_Write_addr+1, 0, 1
0x03F0	0x0B01      	ANDLW       1
0x03F2	0x6E04      	MOVWF       R4 
0x03F4	0xF000C004  	MOVFF       R4, R0
0x03F8	0x6A01      	CLRF        R1 
0x03FA	0xF0A8C000  	MOVFF       R0, EepromExt_Write_ah_L0
;Eeprom_Ext.c,49 :: 		al=addr&0x00FF;
0x03FE	0x0EFF      	MOVLW       255
0x0400	0x15A3      	ANDWF       FARG_EepromExt_Write_addr, 0, 1
0x0402	0x6FA9      	MOVWF       EepromExt_Write_al_L0, 1
;Eeprom_Ext.c,50 :: 		nt=0;
0x0404	0x6BAA      	CLRF        EepromExt_Write_nt_L0, 1
;Eeprom_Ext.c,52 :: 		do
L_EepromExt_Write4:
;Eeprom_Ext.c,54 :: 		i2c_start();
0x0406	0xDE9F      	RCALL       _i2c_start
;Eeprom_Ext.c,55 :: 		if(ah)
0x0408	0x53A8      	MOVF        EepromExt_Write_ah_L0, 1, 1
0x040A	0xE004      	BZ          L_EepromExt_Write7
;Eeprom_Ext.c,57 :: 		i2c_wb(0xA2);
0x040C	0x0EA2      	MOVLW       162
0x040E	0x6FB0      	MOVWF       FARG_i2c_wb_val, 1
0x0410	0xDEA0      	RCALL       _i2c_wb
;Eeprom_Ext.c,58 :: 		}
0x0412	0xD003      	BRA         L_EepromExt_Write8
L_EepromExt_Write7:
;Eeprom_Ext.c,61 :: 		i2c_wb(0xA0);
0x0414	0x0EA0      	MOVLW       160
0x0416	0x6FB0      	MOVWF       FARG_i2c_wb_val, 1
0x0418	0xDE9C      	RCALL       _i2c_wb
;Eeprom_Ext.c,62 :: 		}
L_EepromExt_Write8:
;Eeprom_Ext.c,63 :: 		i2c_wb(al);
0x041A	0xF0B0C0A9  	MOVFF       EepromExt_Write_al_L0, FARG_i2c_wb_val
0x041E	0xDE99      	RCALL       _i2c_wb
;Eeprom_Ext.c,64 :: 		i2c_wb(tmp);
0x0420	0xF0B0C0A6  	MOVFF       EepromExt_Write_tmp_L0, FARG_i2c_wb_val
0x0424	0xDE96      	RCALL       _i2c_wb
;Eeprom_Ext.c,65 :: 		i2c_stop();
0x0426	0xDE89      	RCALL       _i2c_stop
;Eeprom_Ext.c,67 :: 		nt++;
0x0428	0x2BAA      	INCF        EepromExt_Write_nt_L0, 1, 1
;Eeprom_Ext.c,69 :: 		while((tmp != EepromExt_Read(addr))&&(nt < 10));
0x042A	0xF0ABC0A3  	MOVFF       FARG_EepromExt_Write_addr, FARG_EepromExt_Read_addr
0x042E	0xF0ACC0A4  	MOVFF       FARG_EepromExt_Write_addr+1, FARG_EepromExt_Read_addr+1
0x0432	0xDF5A      	RCALL       _EepromExt_Read
0x0434	0x0E00      	MOVLW       0
0x0436	0x19A7      	XORWF       EepromExt_Write_tmp_L0+1, 0, 1
0x0438	0xE102      	BNZ         L__EepromExt_Write14
0x043A	0x5000      	MOVF        R0, 0 
0x043C	0x19A6      	XORWF       EepromExt_Write_tmp_L0, 0, 1
L__EepromExt_Write14:
0x043E	0xE004      	BZ          L__EepromExt_Write11
0x0440	0x0E0A      	MOVLW       10
0x0442	0x5DAA      	SUBWF       EepromExt_Write_nt_L0, 0, 1
0x0444	0xE201      	BC          L__EepromExt_Write11
0x0446	0xD7DF      	BRA         L_EepromExt_Write4
L__EepromExt_Write11:
;Eeprom_Ext.c,70 :: 		}
L_end_EepromExt_Write:
0x0448	0x0012      	RETURN      0
; end of _EepromExt_Write
_i2c_init:
;i2c_manual.c,17 :: 		void i2c_init(void)
;i2c_manual.c,19 :: 		TIDAT=0;
0x044A	0x9894      	BCF         TRISC4_bit, BitPos(TRISC4_bit+0) 
;i2c_manual.c,20 :: 		ICLK=1;
0x044C	0x8682      	BSF         RC3_bit, BitPos(RC3_bit+0) 
;i2c_manual.c,21 :: 		IDAT=1;
0x044E	0x8882      	BSF         RC4_bit, BitPos(RC4_bit+0) 
;i2c_manual.c,22 :: 		}
L_end_i2c_init:
0x0450	0x0012      	RETURN      0
; end of _i2c_init
_Rtc_GetDateTime:
;Rtc.c,17 :: 		void Rtc_GetDateTime(volatile char date[], volatile char time[])
;Rtc.c,21 :: 		i2c_start();
0x0452	0xDE79      	RCALL       _i2c_start
;Rtc.c,22 :: 		i2c_wb(0xD0);
0x0454	0x0ED0      	MOVLW       208
0x0456	0x0100      	MOVLB       0
0x0458	0x6FB0      	MOVWF       FARG_i2c_wb_val, 1
0x045A	0xDE7B      	RCALL       _i2c_wb
;Rtc.c,23 :: 		i2c_wb(0);
0x045C	0x6BB0      	CLRF        FARG_i2c_wb_val, 1
0x045E	0xDE79      	RCALL       _i2c_wb
;Rtc.c,25 :: 		i2c_start();
0x0460	0xDE72      	RCALL       _i2c_start
;Rtc.c,26 :: 		i2c_wb(0xD1);
0x0462	0x0ED1      	MOVLW       209
0x0464	0x6FB0      	MOVWF       FARG_i2c_wb_val, 1
0x0466	0xDE75      	RCALL       _i2c_wb
;Rtc.c,27 :: 		tmp= 0x7F & i2c_rb(1); //segundos
0x0468	0x0E01      	MOVLW       1
0x046A	0x6FB0      	MOVWF       FARG_i2c_rb_ack, 1
0x046C	0xDE39      	RCALL       _i2c_rb
0x046E	0x0E7F      	MOVLW       127
0x0470	0x1400      	ANDWF       R0, 0 
0x0472	0x6FA7      	MOVWF       Rtc_GetDateTime_tmp_L0, 1
;Rtc.c,28 :: 		time[5]=':';
0x0474	0x0E05      	MOVLW       5
0x0476	0x25A5      	ADDWF       FARG_Rtc_GetDateTime_time, 0, 1
0x0478	0x6EE1      	MOVWF       FSR1L 
0x047A	0x0E00      	MOVLW       0
0x047C	0x21A6      	ADDWFC      FARG_Rtc_GetDateTime_time+1, 0, 1
0x047E	0x6EE2      	MOVWF       FSR1L+1 
0x0480	0x0E3A      	MOVLW       58
0x0482	0x6EE6      	MOVWF       POSTINC1 
;Rtc.c,29 :: 		time[6]=getd(tmp);
0x0484	0x0E06      	MOVLW       6
0x0486	0x25A5      	ADDWF       FARG_Rtc_GetDateTime_time, 0, 1
0x0488	0x6FA8      	MOVWF       FLOC__Rtc_GetDateTime, 1
0x048A	0x0E00      	MOVLW       0
0x048C	0x21A6      	ADDWFC      FARG_Rtc_GetDateTime_time+1, 0, 1
0x048E	0x6FA9      	MOVWF       FLOC__Rtc_GetDateTime+1, 1
0x0490	0xF0ABC0A7  	MOVFF       Rtc_GetDateTime_tmp_L0, FARG_Rtc_getd_nn
0x0494	0xDF18      	RCALL       Rtc_getd
0x0496	0xFFE1C0A8  	MOVFF       FLOC__Rtc_GetDateTime, FSR1L
0x049A	0xFFE2C0A9  	MOVFF       FLOC__Rtc_GetDateTime+1, FSR1H
0x049E	0xFFE6C000  	MOVFF       R0, POSTINC1
;Rtc.c,30 :: 		time[7]=getu(tmp);
0x04A2	0x0E07      	MOVLW       7
0x04A4	0x25A5      	ADDWF       FARG_Rtc_GetDateTime_time, 0, 1
0x04A6	0x6FA8      	MOVWF       FLOC__Rtc_GetDateTime, 1
0x04A8	0x0E00      	MOVLW       0
0x04AA	0x21A6      	ADDWFC      FARG_Rtc_GetDateTime_time+1, 0, 1
0x04AC	0x6FA9      	MOVWF       FLOC__Rtc_GetDateTime+1, 1
0x04AE	0xF0ABC0A7  	MOVFF       Rtc_GetDateTime_tmp_L0, FARG_Rtc_getu_nn
0x04B2	0xDF02      	RCALL       Rtc_getu
0x04B4	0xFFE1C0A8  	MOVFF       FLOC__Rtc_GetDateTime, FSR1L
0x04B8	0xFFE2C0A9  	MOVFF       FLOC__Rtc_GetDateTime+1, FSR1H
0x04BC	0xFFE6C000  	MOVFF       R0, POSTINC1
;Rtc.c,31 :: 		time[8]=0;
0x04C0	0x0E08      	MOVLW       8
0x04C2	0x25A5      	ADDWF       FARG_Rtc_GetDateTime_time, 0, 1
0x04C4	0x6EE1      	MOVWF       FSR1L 
0x04C6	0x0E00      	MOVLW       0
0x04C8	0x21A6      	ADDWFC      FARG_Rtc_GetDateTime_time+1, 0, 1
0x04CA	0x6EE2      	MOVWF       FSR1L+1 
0x04CC	0x6AE6      	CLRF        POSTINC1 
;Rtc.c,33 :: 		tmp= 0x7F & i2c_rb(1); //minutos
0x04CE	0x0E01      	MOVLW       1
0x04D0	0x6FB0      	MOVWF       FARG_i2c_rb_ack, 1
0x04D2	0xDE06      	RCALL       _i2c_rb
0x04D4	0x0E7F      	MOVLW       127
0x04D6	0x1400      	ANDWF       R0, 0 
0x04D8	0x6FA7      	MOVWF       Rtc_GetDateTime_tmp_L0, 1
;Rtc.c,34 :: 		time[2]=':';
0x04DA	0x0E02      	MOVLW       2
0x04DC	0x25A5      	ADDWF       FARG_Rtc_GetDateTime_time, 0, 1
0x04DE	0x6EE1      	MOVWF       FSR1L 
0x04E0	0x0E00      	MOVLW       0
0x04E2	0x21A6      	ADDWFC      FARG_Rtc_GetDateTime_time+1, 0, 1
0x04E4	0x6EE2      	MOVWF       FSR1L+1 
0x04E6	0x0E3A      	MOVLW       58
0x04E8	0x6EE6      	MOVWF       POSTINC1 
;Rtc.c,35 :: 		time[3]=getd(tmp);
0x04EA	0x0E03      	MOVLW       3
0x04EC	0x25A5      	ADDWF       FARG_Rtc_GetDateTime_time, 0, 1
0x04EE	0x6FA8      	MOVWF       FLOC__Rtc_GetDateTime, 1
0x04F0	0x0E00      	MOVLW       0
0x04F2	0x21A6      	ADDWFC      FARG_Rtc_GetDateTime_time+1, 0, 1
0x04F4	0x6FA9      	MOVWF       FLOC__Rtc_GetDateTime+1, 1
0x04F6	0xF0ABC0A7  	MOVFF       Rtc_GetDateTime_tmp_L0, FARG_Rtc_getd_nn
0x04FA	0xDEE5      	RCALL       Rtc_getd
0x04FC	0xFFE1C0A8  	MOVFF       FLOC__Rtc_GetDateTime, FSR1L
0x0500	0xFFE2C0A9  	MOVFF       FLOC__Rtc_GetDateTime+1, FSR1H
0x0504	0xFFE6C000  	MOVFF       R0, POSTINC1
;Rtc.c,36 :: 		time[4]=getu(tmp);
0x0508	0x0E04      	MOVLW       4
0x050A	0x25A5      	ADDWF       FARG_Rtc_GetDateTime_time, 0, 1
0x050C	0x6FA8      	MOVWF       FLOC__Rtc_GetDateTime, 1
0x050E	0x0E00      	MOVLW       0
0x0510	0x21A6      	ADDWFC      FARG_Rtc_GetDateTime_time+1, 0, 1
0x0512	0x6FA9      	MOVWF       FLOC__Rtc_GetDateTime+1, 1
0x0514	0xF0ABC0A7  	MOVFF       Rtc_GetDateTime_tmp_L0, FARG_Rtc_getu_nn
0x0518	0xDECF      	RCALL       Rtc_getu
0x051A	0xFFE1C0A8  	MOVFF       FLOC__Rtc_GetDateTime, FSR1L
0x051E	0xFFE2C0A9  	MOVFF       FLOC__Rtc_GetDateTime+1, FSR1H
0x0522	0xFFE6C000  	MOVFF       R0, POSTINC1
;Rtc.c,38 :: 		tmp= 0x3F & i2c_rb(1); //horas
0x0526	0x0E01      	MOVLW       1
0x0528	0x6FB0      	MOVWF       FARG_i2c_rb_ack, 1
0x052A	0xDDDA      	RCALL       _i2c_rb
0x052C	0x0E3F      	MOVLW       63
0x052E	0x1600      	ANDWF       R0, 1 
0x0530	0xF0A7C000  	MOVFF       R0, Rtc_GetDateTime_tmp_L0
;Rtc.c,39 :: 		time[0]=getd(tmp);
0x0534	0xF0A8C0A5  	MOVFF       FARG_Rtc_GetDateTime_time, FLOC__Rtc_GetDateTime
0x0538	0xF0A9C0A6  	MOVFF       FARG_Rtc_GetDateTime_time+1, FLOC__Rtc_GetDateTime+1
0x053C	0xF0ABC000  	MOVFF       R0, FARG_Rtc_getd_nn
0x0540	0xDEC2      	RCALL       Rtc_getd
0x0542	0xFFE1C0A8  	MOVFF       FLOC__Rtc_GetDateTime, FSR1L
0x0546	0xFFE2C0A9  	MOVFF       FLOC__Rtc_GetDateTime+1, FSR1H
0x054A	0xFFE6C000  	MOVFF       R0, POSTINC1
;Rtc.c,40 :: 		time[1]=getu(tmp);
0x054E	0x0E01      	MOVLW       1
0x0550	0x25A5      	ADDWF       FARG_Rtc_GetDateTime_time, 0, 1
0x0552	0x6FA8      	MOVWF       FLOC__Rtc_GetDateTime, 1
0x0554	0x0E00      	MOVLW       0
0x0556	0x21A6      	ADDWFC      FARG_Rtc_GetDateTime_time+1, 0, 1
0x0558	0x6FA9      	MOVWF       FLOC__Rtc_GetDateTime+1, 1
0x055A	0xF0ABC0A7  	MOVFF       Rtc_GetDateTime_tmp_L0, FARG_Rtc_getu_nn
0x055E	0xDEAC      	RCALL       Rtc_getu
0x0560	0xFFE1C0A8  	MOVFF       FLOC__Rtc_GetDateTime, FSR1L
0x0564	0xFFE2C0A9  	MOVFF       FLOC__Rtc_GetDateTime+1, FSR1H
0x0568	0xFFE6C000  	MOVFF       R0, POSTINC1
;Rtc.c,42 :: 		i2c_rb(1); //dia semana
0x056C	0x0E01      	MOVLW       1
0x056E	0x6FB0      	MOVWF       FARG_i2c_rb_ack, 1
0x0570	0xDDB7      	RCALL       _i2c_rb
;Rtc.c,44 :: 		tmp= 0x3F & i2c_rb(1); //dia
0x0572	0x0E01      	MOVLW       1
0x0574	0x6FB0      	MOVWF       FARG_i2c_rb_ack, 1
0x0576	0xDDB4      	RCALL       _i2c_rb
0x0578	0x0E3F      	MOVLW       63
0x057A	0x1600      	ANDWF       R0, 1 
0x057C	0xF0A7C000  	MOVFF       R0, Rtc_GetDateTime_tmp_L0
;Rtc.c,45 :: 		date[0]=getd(tmp);
0x0580	0xF0A8C0A3  	MOVFF       FARG_Rtc_GetDateTime_date, FLOC__Rtc_GetDateTime
0x0584	0xF0A9C0A4  	MOVFF       FARG_Rtc_GetDateTime_date+1, FLOC__Rtc_GetDateTime+1
0x0588	0xF0ABC000  	MOVFF       R0, FARG_Rtc_getd_nn
0x058C	0xDE9C      	RCALL       Rtc_getd
0x058E	0xFFE1C0A8  	MOVFF       FLOC__Rtc_GetDateTime, FSR1L
0x0592	0xFFE2C0A9  	MOVFF       FLOC__Rtc_GetDateTime+1, FSR1H
0x0596	0xFFE6C000  	MOVFF       R0, POSTINC1
;Rtc.c,46 :: 		date[1]=getu(tmp);
0x059A	0x0E01      	MOVLW       1
0x059C	0x25A3      	ADDWF       FARG_Rtc_GetDateTime_date, 0, 1
0x059E	0x6FA8      	MOVWF       FLOC__Rtc_GetDateTime, 1
0x05A0	0x0E00      	MOVLW       0
0x05A2	0x21A4      	ADDWFC      FARG_Rtc_GetDateTime_date+1, 0, 1
0x05A4	0x6FA9      	MOVWF       FLOC__Rtc_GetDateTime+1, 1
0x05A6	0xF0ABC0A7  	MOVFF       Rtc_GetDateTime_tmp_L0, FARG_Rtc_getu_nn
0x05AA	0xDE86      	RCALL       Rtc_getu
0x05AC	0xFFE1C0A8  	MOVFF       FLOC__Rtc_GetDateTime, FSR1L
0x05B0	0xFFE2C0A9  	MOVFF       FLOC__Rtc_GetDateTime+1, FSR1H
0x05B4	0xFFE6C000  	MOVFF       R0, POSTINC1
;Rtc.c,49 :: 		tmp= 0x1F & i2c_rb(1); //mes
0x05B8	0x0E01      	MOVLW       1
0x05BA	0x6FB0      	MOVWF       FARG_i2c_rb_ack, 1
0x05BC	0xDD91      	RCALL       _i2c_rb
0x05BE	0x0E1F      	MOVLW       31
0x05C0	0x1400      	ANDWF       R0, 0 
0x05C2	0x6FA7      	MOVWF       Rtc_GetDateTime_tmp_L0, 1
;Rtc.c,50 :: 		date[2]='/';
0x05C4	0x0E02      	MOVLW       2
0x05C6	0x25A3      	ADDWF       FARG_Rtc_GetDateTime_date, 0, 1
0x05C8	0x6EE1      	MOVWF       FSR1L 
0x05CA	0x0E00      	MOVLW       0
0x05CC	0x21A4      	ADDWFC      FARG_Rtc_GetDateTime_date+1, 0, 1
0x05CE	0x6EE2      	MOVWF       FSR1L+1 
0x05D0	0x0E2F      	MOVLW       47
0x05D2	0x6EE6      	MOVWF       POSTINC1 
;Rtc.c,51 :: 		date[3]=getd(tmp);
0x05D4	0x0E03      	MOVLW       3
0x05D6	0x25A3      	ADDWF       FARG_Rtc_GetDateTime_date, 0, 1
0x05D8	0x6FA8      	MOVWF       FLOC__Rtc_GetDateTime, 1
0x05DA	0x0E00      	MOVLW       0
0x05DC	0x21A4      	ADDWFC      FARG_Rtc_GetDateTime_date+1, 0, 1
0x05DE	0x6FA9      	MOVWF       FLOC__Rtc_GetDateTime+1, 1
0x05E0	0xF0ABC0A7  	MOVFF       Rtc_GetDateTime_tmp_L0, FARG_Rtc_getd_nn
0x05E4	0xDE70      	RCALL       Rtc_getd
0x05E6	0xFFE1C0A8  	MOVFF       FLOC__Rtc_GetDateTime, FSR1L
0x05EA	0xFFE2C0A9  	MOVFF       FLOC__Rtc_GetDateTime+1, FSR1H
0x05EE	0xFFE6C000  	MOVFF       R0, POSTINC1
;Rtc.c,52 :: 		date[4]=getu(tmp);
0x05F2	0x0E04      	MOVLW       4
0x05F4	0x25A3      	ADDWF       FARG_Rtc_GetDateTime_date, 0, 1
0x05F6	0x6FA8      	MOVWF       FLOC__Rtc_GetDateTime, 1
0x05F8	0x0E00      	MOVLW       0
0x05FA	0x21A4      	ADDWFC      FARG_Rtc_GetDateTime_date+1, 0, 1
0x05FC	0x6FA9      	MOVWF       FLOC__Rtc_GetDateTime+1, 1
0x05FE	0xF0ABC0A7  	MOVFF       Rtc_GetDateTime_tmp_L0, FARG_Rtc_getu_nn
0x0602	0xDE5A      	RCALL       Rtc_getu
0x0604	0xFFE1C0A8  	MOVFF       FLOC__Rtc_GetDateTime, FSR1L
0x0608	0xFFE2C0A9  	MOVFF       FLOC__Rtc_GetDateTime+1, FSR1H
0x060C	0xFFE6C000  	MOVFF       R0, POSTINC1
;Rtc.c,54 :: 		tmp=  i2c_rb(0); //ano
0x0610	0x6BB0      	CLRF        FARG_i2c_rb_ack, 1
0x0612	0xDD66      	RCALL       _i2c_rb
0x0614	0xF0A7C000  	MOVFF       R0, Rtc_GetDateTime_tmp_L0
;Rtc.c,55 :: 		date[5]='/';
0x0618	0x0E05      	MOVLW       5
0x061A	0x25A3      	ADDWF       FARG_Rtc_GetDateTime_date, 0, 1
0x061C	0x6EE1      	MOVWF       FSR1L 
0x061E	0x0E00      	MOVLW       0
0x0620	0x21A4      	ADDWFC      FARG_Rtc_GetDateTime_date+1, 0, 1
0x0622	0x6EE2      	MOVWF       FSR1L+1 
0x0624	0x0E2F      	MOVLW       47
0x0626	0x6EE6      	MOVWF       POSTINC1 
;Rtc.c,56 :: 		date[6]=getd(tmp);
0x0628	0x0E06      	MOVLW       6
0x062A	0x25A3      	ADDWF       FARG_Rtc_GetDateTime_date, 0, 1
0x062C	0x6FA8      	MOVWF       FLOC__Rtc_GetDateTime, 1
0x062E	0x0E00      	MOVLW       0
0x0630	0x21A4      	ADDWFC      FARG_Rtc_GetDateTime_date+1, 0, 1
0x0632	0x6FA9      	MOVWF       FLOC__Rtc_GetDateTime+1, 1
0x0634	0xF0ABC0A7  	MOVFF       Rtc_GetDateTime_tmp_L0, FARG_Rtc_getd_nn
0x0638	0xDE46      	RCALL       Rtc_getd
0x063A	0xFFE1C0A8  	MOVFF       FLOC__Rtc_GetDateTime, FSR1L
0x063E	0xFFE2C0A9  	MOVFF       FLOC__Rtc_GetDateTime+1, FSR1H
0x0642	0xFFE6C000  	MOVFF       R0, POSTINC1
;Rtc.c,57 :: 		date[7]=getu(tmp);
0x0646	0x0E07      	MOVLW       7
0x0648	0x25A3      	ADDWF       FARG_Rtc_GetDateTime_date, 0, 1
0x064A	0x6FA8      	MOVWF       FLOC__Rtc_GetDateTime, 1
0x064C	0x0E00      	MOVLW       0
0x064E	0x21A4      	ADDWFC      FARG_Rtc_GetDateTime_date+1, 0, 1
0x0650	0x6FA9      	MOVWF       FLOC__Rtc_GetDateTime+1, 1
0x0652	0xF0ABC0A7  	MOVFF       Rtc_GetDateTime_tmp_L0, FARG_Rtc_getu_nn
0x0656	0xDE30      	RCALL       Rtc_getu
0x0658	0xFFE1C0A8  	MOVFF       FLOC__Rtc_GetDateTime, FSR1L
0x065C	0xFFE2C0A9  	MOVFF       FLOC__Rtc_GetDateTime+1, FSR1H
0x0660	0xFFE6C000  	MOVFF       R0, POSTINC1
;Rtc.c,58 :: 		date[8]=0;
0x0664	0x0E08      	MOVLW       8
0x0666	0x25A3      	ADDWF       FARG_Rtc_GetDateTime_date, 0, 1
0x0668	0x6EE1      	MOVWF       FSR1L 
0x066A	0x0E00      	MOVLW       0
0x066C	0x21A4      	ADDWFC      FARG_Rtc_GetDateTime_date+1, 0, 1
0x066E	0x6EE2      	MOVWF       FSR1L+1 
0x0670	0x6AE6      	CLRF        POSTINC1 
;Rtc.c,60 :: 		i2c_stop();
0x0672	0xDD63      	RCALL       _i2c_stop
;Rtc.c,62 :: 		}
L_end_Rtc_GetDateTime:
0x0674	0x0012      	RETURN      0
; end of _Rtc_GetDateTime
_main:
0x0676	0xF004EC40  	CALL        2176, 0
;Application.c,9 :: 		void main()
;Application.c,14 :: 		TRISB=0x00;
0x067A	0x6A93      	CLRF        TRISB 
;Application.c,15 :: 		TRISC=0x00;
0x067C	0x6A94      	CLRF        TRISC 
;Application.c,16 :: 		TRISD=0x00;
0x067E	0x6A95      	CLRF        TRISD 
;Application.c,17 :: 		TRISE=0x00;
0x0680	0x6A96      	CLRF        TRISE 
;Application.c,20 :: 		initLCD();
0x0682	0xDE69      	RCALL       _InitLCD
;Application.c,21 :: 		i2c_init();
0x0684	0xDEE2      	RCALL       _i2c_init
;Application.c,25 :: 		Lcd_Cmd(_LCD_CLEAR);
0x0686	0x0E01      	MOVLW       1
0x0688	0x6FB3      	MOVWF       FARG_Lcd_Cmd_out_char, 1
0x068A	0xDCDB      	RCALL       _Lcd_Cmd
;Application.c,26 :: 		Lcd_Out(1,1,"Test RTC");
0x068C	0x0E01      	MOVLW       1
0x068E	0x6FAB      	MOVWF       FARG_Lcd_Out_row, 1
0x0690	0x0E01      	MOVLW       1
0x0692	0x6FAC      	MOVWF       FARG_Lcd_Out_column, 1
0x0694	0x0E73      	MOVLW       ?lstr1_Application
0x0696	0x6FAD      	MOVWF       FARG_Lcd_Out_text, 1
0x0698	0x0E00      	MOVLW       hi_addr(?lstr1_Application)
0x069A	0x6FAE      	MOVWF       FARG_Lcd_Out_text+1, 1
0x069C	0xDDCE      	RCALL       _Lcd_Out
;Application.c,27 :: 		Lcd_Cmd(_LCD_SECOND_ROW);
0x069E	0x0EC0      	MOVLW       192
0x06A0	0x6FB3      	MOVWF       FARG_Lcd_Cmd_out_char, 1
0x06A2	0xDCCF      	RCALL       _Lcd_Cmd
;Application.c,28 :: 		Rtc_GetDateTime(date, time);
0x06A4	0x0E97      	MOVLW       _date
0x06A6	0x6FA3      	MOVWF       FARG_Rtc_GetDateTime_date, 1
0x06A8	0x0E00      	MOVLW       hi_addr(_date)
0x06AA	0x6FA4      	MOVWF       FARG_Rtc_GetDateTime_date+1, 1
0x06AC	0x0E8D      	MOVLW       _time
0x06AE	0x6FA5      	MOVWF       FARG_Rtc_GetDateTime_time, 1
0x06B0	0x0E00      	MOVLW       hi_addr(_time)
0x06B2	0x6FA6      	MOVWF       FARG_Rtc_GetDateTime_time+1, 1
0x06B4	0xDECE      	RCALL       _Rtc_GetDateTime
;Application.c,30 :: 		Lcd_Out_CP(date);
0x06B6	0x0E97      	MOVLW       _date
0x06B8	0x6FA3      	MOVWF       FARG_Lcd_Out_CP_text, 1
0x06BA	0x0E00      	MOVLW       hi_addr(_date)
0x06BC	0x6FA4      	MOVWF       FARG_Lcd_Out_CP_text+1, 1
0x06BE	0xDE79      	RCALL       _Lcd_Out_CP
;Application.c,31 :: 		delay_ms(2000);
0x06C0	0x0E15      	MOVLW       21
0x06C2	0x6E0B      	MOVWF       R11, 0
0x06C4	0x0E4B      	MOVLW       75
0x06C6	0x6E0C      	MOVWF       R12, 0
0x06C8	0x0EBE      	MOVLW       190
0x06CA	0x6E0D      	MOVWF       R13, 0
L_main0:
0x06CC	0x2E0D      	DECFSZ      R13, 1, 0
0x06CE	0xD7FE      	BRA         L_main0
0x06D0	0x2E0C      	DECFSZ      R12, 1, 0
0x06D2	0xD7FC      	BRA         L_main0
0x06D4	0x2E0B      	DECFSZ      R11, 1, 0
0x06D6	0xD7FA      	BRA         L_main0
0x06D8	0x0000      	NOP
;Application.c,32 :: 		for(i=0;i<20;i++)
0x06DA	0x6BA1      	CLRF        main_i_L0, 1
L_main1:
0x06DC	0x0E14      	MOVLW       20
0x06DE	0x5DA1      	SUBWF       main_i_L0, 0, 1
0x06E0	0xE221      	BC          L_main2
;Application.c,34 :: 		Rtc_GetDateTime(date, time);
0x06E2	0x0E97      	MOVLW       _date
0x06E4	0x6FA3      	MOVWF       FARG_Rtc_GetDateTime_date, 1
0x06E6	0x0E00      	MOVLW       hi_addr(_date)
0x06E8	0x6FA4      	MOVWF       FARG_Rtc_GetDateTime_date+1, 1
0x06EA	0x0E8D      	MOVLW       _time
0x06EC	0x6FA5      	MOVWF       FARG_Rtc_GetDateTime_time, 1
0x06EE	0x0E00      	MOVLW       hi_addr(_time)
0x06F0	0x6FA6      	MOVWF       FARG_Rtc_GetDateTime_time+1, 1
0x06F2	0xDEAF      	RCALL       _Rtc_GetDateTime
;Application.c,35 :: 		Lcd_Cmd(_LCD_SECOND_ROW);;
0x06F4	0x0EC0      	MOVLW       192
0x06F6	0x6FB3      	MOVWF       FARG_Lcd_Cmd_out_char, 1
0x06F8	0xDCA4      	RCALL       _Lcd_Cmd
;Application.c,36 :: 		Lcd_Out_CP(time);
0x06FA	0x0E8D      	MOVLW       _time
0x06FC	0x6FA3      	MOVWF       FARG_Lcd_Out_CP_text, 1
0x06FE	0x0E00      	MOVLW       hi_addr(_time)
0x0700	0x6FA4      	MOVWF       FARG_Lcd_Out_CP_text+1, 1
0x0702	0xDE57      	RCALL       _Lcd_Out_CP
;Application.c,37 :: 		delay_ms(500);
0x0704	0x0E06      	MOVLW       6
0x0706	0x6E0B      	MOVWF       R11, 0
0x0708	0x0E13      	MOVLW       19
0x070A	0x6E0C      	MOVWF       R12, 0
0x070C	0x0EAD      	MOVLW       173
0x070E	0x6E0D      	MOVWF       R13, 0
L_main4:
0x0710	0x2E0D      	DECFSZ      R13, 1, 0
0x0712	0xD7FE      	BRA         L_main4
0x0714	0x2E0C      	DECFSZ      R12, 1, 0
0x0716	0xD7FC      	BRA         L_main4
0x0718	0x2E0B      	DECFSZ      R11, 1, 0
0x071A	0xD7FA      	BRA         L_main4
0x071C	0x0000      	NOP
0x071E	0x0000      	NOP
;Application.c,32 :: 		for(i=0;i<20;i++)
0x0720	0x2BA1      	INCF        main_i_L0, 1, 1
;Application.c,38 :: 		}
0x0722	0xD7DC      	BRA         L_main1
L_main2:
;Application.c,42 :: 		Lcd_Cmd(_LCD_CLEAR);
0x0724	0x0E01      	MOVLW       1
0x0726	0x6FB3      	MOVWF       FARG_Lcd_Cmd_out_char, 1
0x0728	0xDC8C      	RCALL       _Lcd_Cmd
;Application.c,43 :: 		Lcd_Cmd(_LCD_FIRST_ROW);
0x072A	0x0E80      	MOVLW       128
0x072C	0x6FB3      	MOVWF       FARG_Lcd_Cmd_out_char, 1
0x072E	0xDC89      	RCALL       _Lcd_Cmd
;Application.c,44 :: 		Lcd_Out_CP("Test EEPROM EXT");
0x0730	0x0E7C      	MOVLW       ?lstr2_Application
0x0732	0x6FA3      	MOVWF       FARG_Lcd_Out_CP_text, 1
0x0734	0x0E00      	MOVLW       hi_addr(?lstr2_Application)
0x0736	0x6FA4      	MOVWF       FARG_Lcd_Out_CP_text+1, 1
0x0738	0xDE3C      	RCALL       _Lcd_Out_CP
;Application.c,47 :: 		tmp=EepromExt_Read(10);
0x073A	0x0E0A      	MOVLW       10
0x073C	0x6FAB      	MOVWF       FARG_EepromExt_Read_addr, 1
0x073E	0x0E00      	MOVLW       0
0x0740	0x6FAC      	MOVWF       FARG_EepromExt_Read_addr+1, 1
0x0742	0xDDD2      	RCALL       _EepromExt_Read
0x0744	0xF0A2C000  	MOVFF       R0, main_tmp_L0
;Application.c,48 :: 		lcd_Out_CP(tmp);
0x0748	0xF0A3C000  	MOVFF       R0, FARG_Lcd_Out_CP_text
0x074C	0x0E00      	MOVLW       0
0x074E	0x6FA4      	MOVWF       FARG_Lcd_Out_CP_text+1, 1
0x0750	0xDE30      	RCALL       _Lcd_Out_CP
;Application.c,50 :: 		EepromExt_Write(10,0xA5);
0x0752	0x0E0A      	MOVLW       10
0x0754	0x6FA3      	MOVWF       FARG_EepromExt_Write_addr, 1
0x0756	0x0E00      	MOVLW       0
0x0758	0x6FA4      	MOVWF       FARG_EepromExt_Write_addr+1, 1
0x075A	0x0EA5      	MOVLW       165
0x075C	0x6FA5      	MOVWF       FARG_EepromExt_Write_val, 1
0x075E	0xDE3F      	RCALL       _EepromExt_Write
;Application.c,51 :: 		EepromExt_Write(10,0x5A);
0x0760	0x0E0A      	MOVLW       10
0x0762	0x6FA3      	MOVWF       FARG_EepromExt_Write_addr, 1
0x0764	0x0E00      	MOVLW       0
0x0766	0x6FA4      	MOVWF       FARG_EepromExt_Write_addr+1, 1
0x0768	0x0E5A      	MOVLW       90
0x076A	0x6FA5      	MOVWF       FARG_EepromExt_Write_val, 1
0x076C	0xDE38      	RCALL       _EepromExt_Write
;Application.c,52 :: 		i= EepromExt_Read(10);
0x076E	0x0E0A      	MOVLW       10
0x0770	0x6FAB      	MOVWF       FARG_EepromExt_Read_addr, 1
0x0772	0x0E00      	MOVLW       0
0x0774	0x6FAC      	MOVWF       FARG_EepromExt_Read_addr+1, 1
0x0776	0xDDB8      	RCALL       _EepromExt_Read
0x0778	0xF0A1C000  	MOVFF       R0, main_i_L0
;Application.c,54 :: 		EepromExt_Write(10,tmp);
0x077C	0x0E0A      	MOVLW       10
0x077E	0x6FA3      	MOVWF       FARG_EepromExt_Write_addr, 1
0x0780	0x0E00      	MOVLW       0
0x0782	0x6FA4      	MOVWF       FARG_EepromExt_Write_addr+1, 1
0x0784	0xF0A5C0A2  	MOVFF       main_tmp_L0, FARG_EepromExt_Write_val
0x0788	0xDE2A      	RCALL       _EepromExt_Write
;Application.c,56 :: 		Lcd_Cmd(_LCD_CLEAR);
0x078A	0x0E01      	MOVLW       1
0x078C	0x6FB3      	MOVWF       FARG_Lcd_Cmd_out_char, 1
0x078E	0xDC59      	RCALL       _Lcd_Cmd
;Application.c,57 :: 		Lcd_Cmd(_LCD_FIRST_ROW);
0x0790	0x0E80      	MOVLW       128
0x0792	0x6FB3      	MOVWF       FARG_Lcd_Cmd_out_char, 1
0x0794	0xDC56      	RCALL       _Lcd_Cmd
;Application.c,58 :: 		Lcd_Out_CP("Teste EEPROM EXT");
0x0796	0x0E62      	MOVLW       ?lstr3_Application
0x0798	0x6FA3      	MOVWF       FARG_Lcd_Out_CP_text, 1
0x079A	0x0E00      	MOVLW       hi_addr(?lstr3_Application)
0x079C	0x6FA4      	MOVWF       FARG_Lcd_Out_CP_text+1, 1
0x079E	0xDE09      	RCALL       _Lcd_Out_CP
;Application.c,59 :: 		Lcd_Cmd(_LCD_SECOND_ROW);
0x07A0	0x0EC0      	MOVLW       192
0x07A2	0x6FB3      	MOVWF       FARG_Lcd_Cmd_out_char, 1
0x07A4	0xDC4E      	RCALL       _Lcd_Cmd
;Application.c,60 :: 		if(i == 0x5A)
0x07A6	0x51A1      	MOVF        main_i_L0, 0, 1
0x07A8	0x0A5A      	XORLW       90
0x07AA	0xE106      	BNZ         L_main5
;Application.c,62 :: 		Lcd_Out_CP("       OK");
0x07AC	0x0E26      	MOVLW       ?lstr4_Application
0x07AE	0x6FA3      	MOVWF       FARG_Lcd_Out_CP_text, 1
0x07B0	0x0E00      	MOVLW       hi_addr(?lstr4_Application)
0x07B2	0x6FA4      	MOVWF       FARG_Lcd_Out_CP_text+1, 1
0x07B4	0xDDFE      	RCALL       _Lcd_Out_CP
;Application.c,63 :: 		}
0x07B6	0xD005      	BRA         L_main6
L_main5:
;Application.c,66 :: 		Lcd_Out_CP("      ERRO");
0x07B8	0x0E57      	MOVLW       ?lstr5_Application
0x07BA	0x6FA3      	MOVWF       FARG_Lcd_Out_CP_text, 1
0x07BC	0x0E00      	MOVLW       hi_addr(?lstr5_Application)
0x07BE	0x6FA4      	MOVWF       FARG_Lcd_Out_CP_text+1, 1
0x07C0	0xDDF8      	RCALL       _Lcd_Out_CP
;Application.c,67 :: 		}
L_main6:
;Application.c,68 :: 		delay_ms(1000);
0x07C2	0x0E0B      	MOVLW       11
0x07C4	0x6E0B      	MOVWF       R11, 0
0x07C6	0x0E26      	MOVLW       38
0x07C8	0x6E0C      	MOVWF       R12, 0
0x07CA	0x0E5D      	MOVLW       93
0x07CC	0x6E0D      	MOVWF       R13, 0
L_main7:
0x07CE	0x2E0D      	DECFSZ      R13, 1, 0
0x07D0	0xD7FE      	BRA         L_main7
0x07D2	0x2E0C      	DECFSZ      R12, 1, 0
0x07D4	0xD7FC      	BRA         L_main7
0x07D6	0x2E0B      	DECFSZ      R11, 1, 0
0x07D8	0xD7FA      	BRA         L_main7
0x07DA	0x0000      	NOP
0x07DC	0x0000      	NOP
;Application.c,70 :: 		Lcd_Cmd(_LCD_CLEAR);
0x07DE	0x0E01      	MOVLW       1
0x07E0	0x6FB3      	MOVWF       FARG_Lcd_Cmd_out_char, 1
0x07E2	0xDC2F      	RCALL       _Lcd_Cmd
;Application.c,71 :: 		Lcd_Cmd(_LCD_FIRST_ROW);
0x07E4	0x0E80      	MOVLW       128
0x07E6	0x6FB3      	MOVWF       FARG_Lcd_Cmd_out_char, 1
0x07E8	0xDC2C      	RCALL       _Lcd_Cmd
;Application.c,72 :: 		Lcd_Out_CP("      Done");
0x07EA	0x0E4C      	MOVLW       ?lstr6_Application
0x07EC	0x6FA3      	MOVWF       FARG_Lcd_Out_CP_text, 1
0x07EE	0x0E00      	MOVLW       hi_addr(?lstr6_Application)
0x07F0	0x6FA4      	MOVWF       FARG_Lcd_Out_CP_text+1, 1
0x07F2	0xDDDF      	RCALL       _Lcd_Out_CP
;Application.c,73 :: 		Lcd_Cmd(_LCD_SECOND_ROW);
0x07F4	0x0EC0      	MOVLW       192
0x07F6	0x6FB3      	MOVWF       FARG_Lcd_Cmd_out_char, 1
0x07F8	0xDC24      	RCALL       _Lcd_Cmd
;Application.c,74 :: 		Lcd_Out_CP("   Press RST");
0x07FA	0x0E3F      	MOVLW       ?lstr7_Application
0x07FC	0x6FA3      	MOVWF       FARG_Lcd_Out_CP_text, 1
0x07FE	0x0E00      	MOVLW       hi_addr(?lstr7_Application)
0x0800	0x6FA4      	MOVWF       FARG_Lcd_Out_CP_text+1, 1
0x0802	0xDDD7      	RCALL       _Lcd_Out_CP
;Application.c,78 :: 		while(1);
L_main8:
0x0804	0xD7FF      	BRA         L_main8
;Application.c,80 :: 		}
L_end_main:
0x0806	0xD7FF      	BRA         $+0
; end of _main
0x0880	0xF015EE10  	LFSR        1, 21
0x0884	0x0E77      	MOVLW       119
0x0886	0x6E00      	MOVWF       R0 
0x0888	0x0E01      	MOVLW       1
0x088A	0x6E01      	MOVWF       R1 
0x088C	0x0E08      	MOVLW       8
0x088E	0x6EF6      	MOVWF       4086 
0x0890	0x0E08      	MOVLW       8
0x0892	0x6EF7      	MOVWF       TBLPTRH 
0x0894	0x0E00      	MOVLW       0
0x0896	0x6EF8      	MOVWF       TBLPTRU 
0x0898	0xF001ECA3  	CALL        838, 0
0x089C	0x0012      	RETURN      0
;Lcd.c,0 :: ?ICS?lstr2_Lcd
0x0808	0x5345 ;?ICS?lstr2_Lcd+0
0x080A	0x4620 ;?ICS?lstr2_Lcd+2
0x080C	0x6E69 ;?ICS?lstr2_Lcd+4
0x080E	0x6C61 ;?ICS?lstr2_Lcd+6
0x0810	0x5020 ;?ICS?lstr2_Lcd+8
0x0812	0x6F72 ;?ICS?lstr2_Lcd+10
0x0814	0x656A ;?ICS?lstr2_Lcd+12
0x0816	0x7463 ;?ICS?lstr2_Lcd+14
0x0818	0x00 ;?ICS?lstr2_Lcd+16
; end of ?ICS?lstr2_Lcd
;Application.c,0 :: ?ICS?lstr4_Application
0x0819	0x2020 ;?ICS?lstr4_Application+0
0x081B	0x2020 ;?ICS?lstr4_Application+2
0x081D	0x2020 ;?ICS?lstr4_Application+4
0x081F	0x4F20 ;?ICS?lstr4_Application+6
0x0821	0x004B ;?ICS?lstr4_Application+8
; end of ?ICS?lstr4_Application
;Lcd.c,0 :: ?ICS?lstr1_Lcd
0x0823	0x4B54 ;?ICS?lstr1_Lcd+0
0x0825	0x2048 ;?ICS?lstr1_Lcd+2
0x0827	0x2026 ;?ICS?lstr1_Lcd+4
0x0829	0x6F43 ;?ICS?lstr1_Lcd+6
0x082B	0x6576 ;?ICS?lstr1_Lcd+8
0x082D	0x746E ;?ICS?lstr1_Lcd+10
0x082F	0x7972 ;?ICS?lstr1_Lcd+12
0x0831	0x00 ;?ICS?lstr1_Lcd+14
; end of ?ICS?lstr1_Lcd
;Application.c,0 :: ?ICS?lstr7_Application
0x0832	0x2020 ;?ICS?lstr7_Application+0
0x0834	0x5020 ;?ICS?lstr7_Application+2
0x0836	0x6572 ;?ICS?lstr7_Application+4
0x0838	0x7373 ;?ICS?lstr7_Application+6
0x083A	0x5220 ;?ICS?lstr7_Application+8
0x083C	0x5453 ;?ICS?lstr7_Application+10
0x083E	0x00 ;?ICS?lstr7_Application+12
; end of ?ICS?lstr7_Application
;Application.c,0 :: ?ICS?lstr6_Application
0x083F	0x2020 ;?ICS?lstr6_Application+0
0x0841	0x2020 ;?ICS?lstr6_Application+2
0x0843	0x2020 ;?ICS?lstr6_Application+4
0x0845	0x6F44 ;?ICS?lstr6_Application+6
0x0847	0x656E ;?ICS?lstr6_Application+8
0x0849	0x00 ;?ICS?lstr6_Application+10
; end of ?ICS?lstr6_Application
;Application.c,0 :: ?ICS?lstr5_Application
0x084A	0x2020 ;?ICS?lstr5_Application+0
0x084C	0x2020 ;?ICS?lstr5_Application+2
0x084E	0x2020 ;?ICS?lstr5_Application+4
0x0850	0x5245 ;?ICS?lstr5_Application+6
0x0852	0x4F52 ;?ICS?lstr5_Application+8
0x0854	0x00 ;?ICS?lstr5_Application+10
; end of ?ICS?lstr5_Application
;Application.c,0 :: ?ICS?lstr3_Application
0x0855	0x6554 ;?ICS?lstr3_Application+0
0x0857	0x7473 ;?ICS?lstr3_Application+2
0x0859	0x2065 ;?ICS?lstr3_Application+4
0x085B	0x4545 ;?ICS?lstr3_Application+6
0x085D	0x5250 ;?ICS?lstr3_Application+8
0x085F	0x4D4F ;?ICS?lstr3_Application+10
0x0861	0x4520 ;?ICS?lstr3_Application+12
0x0863	0x5458 ;?ICS?lstr3_Application+14
0x0865	0x00 ;?ICS?lstr3_Application+16
; end of ?ICS?lstr3_Application
;Application.c,0 :: ?ICS?lstr1_Application
0x0866	0x6554 ;?ICS?lstr1_Application+0
0x0868	0x7473 ;?ICS?lstr1_Application+2
0x086A	0x5220 ;?ICS?lstr1_Application+4
0x086C	0x4354 ;?ICS?lstr1_Application+6
0x086E	0x00 ;?ICS?lstr1_Application+8
; end of ?ICS?lstr1_Application
;Application.c,0 :: ?ICS?lstr2_Application
0x086F	0x6554 ;?ICS?lstr2_Application+0
0x0871	0x7473 ;?ICS?lstr2_Application+2
0x0873	0x4520 ;?ICS?lstr2_Application+4
0x0875	0x5045 ;?ICS?lstr2_Application+6
0x0877	0x4F52 ;?ICS?lstr2_Application+8
0x0879	0x204D ;?ICS?lstr2_Application+10
0x087B	0x5845 ;?ICS?lstr2_Application+12
0x087D	0x0054 ;?ICS?lstr2_Application+14
; end of ?ICS?lstr2_Application
Symbol List:
//** Routines locations **
//ADDRESS    SIZE    PROCEDURE
//----------------------------------------------
0x001C       [6]    _Delay_1us
0x0022      [22]    _Delay_5500us
0x0038      [10]    _Delay_50us
0x0042     [126]    _Lcd_Cmd
0x00C0      [18]    _delay
0x00D2      [14]    _Lcd_Chr_CP
0x00E0      [90]    _i2c_rb
0x013A      [12]    _i2c_stop
0x0146      [12]    _i2c_start
0x0152      [80]    _i2c_wb
0x01A2     [152]    _Lcd_Init
0x023A     [126]    _Lcd_Out
0x02B8      [14]    Rtc_getu
0x02C6      [34]    Rtc_getd
0x02E8      [94]    _EepromExt_Read
0x0346      [16]    ___CC2DW
0x0356      [92]    _InitLCD
0x03B2      [44]    _Lcd_Out_CP
0x03DE     [108]    _EepromExt_Write
0x044A       [8]    _i2c_init
0x0452     [548]    _Rtc_GetDateTime
0x0676     [402]    _main
//** Variables locations ** 
//ADDRESS    SIZE    VARIABLE
//----------------------------------------------
0x0000       [1]    R0
0x0001       [1]    ispunct_rslt_L0
0x0001       [1]    R1
0x0002       [1]    R2
0x0003       [1]    R3
0x0004       [1]    R4
0x0005       [1]    R5
0x0006       [1]    R6
0x0007       [1]    R7
0x0008       [1]    R8
0x0009       [1]    R9
0x000A       [1]    R10
0x000B       [1]    R11
0x000C       [1]    R12
0x000D       [1]    R13
0x000E       [1]    R14
0x000F       [1]    R15
0x0010       [1]    R16
0x0011       [1]    R17
0x0012       [1]    R18
0x0013       [1]    R19
0x0014       [1]    R20
0x0015      [17]    ?lstr2_Lcd
0x0026      [10]    ?lstr4_Application
0x0030      [15]    ?lstr1_Lcd
0x003F      [13]    ?lstr7_Application
0x004C      [11]    ?lstr6_Application
0x0057      [11]    ?lstr5_Application
0x0062      [17]    ?lstr3_Application
0x0073       [9]    ?lstr1_Application
0x007C      [16]    ?lstr2_Application
0x008C       [0]    __Lib_Lcd_cmd_status
0x008D      [10]    _time
0x0097      [10]    _date
0x00A1       [1]    main_i_L0
0x00A2       [1]    main_tmp_L0
0x00A3       [2]    FARG_Rtc_GetDateTime_date
0x00A3       [2]    FARG_Lcd_Out_CP_text
0x00A3       [2]    FARG_EepromExt_Write_addr
0x00A5       [1]    Lcd_Out_CP_i_L0
0x00A5       [1]    FARG_EepromExt_Write_val
0x00A5       [2]    FARG_Rtc_GetDateTime_time
0x00A6       [2]    EepromExt_Write_tmp_L0
0x00A7       [1]    Rtc_GetDateTime_tmp_L0
0x00A8       [1]    EepromExt_Write_ah_L0
0x00A8       [2]    FLOC__Rtc_GetDateTime
0x00A9       [1]    EepromExt_Write_al_L0
0x00AA       [1]    EepromExt_Write_nt_L0
0x00AB       [1]    FARG_Lcd_Out_row
0x00AB       [2]    FARG_EepromExt_Read_addr
0x00AB       [1]    FARG_Rtc_getd_nn
0x00AB       [1]    FARG_Rtc_getu_nn
0x00AC       [1]    FARG_Lcd_Out_column
0x00AD       [1]    EepromExt_Read_ret_L0
0x00AD       [2]    FARG_Lcd_Out_text
0x00AE       [1]    EepromExt_Read_ah_L0
0x00AF       [1]    Lcd_Out_i_L0
0x00AF       [1]    EepromExt_Read_al_L0
0x00B0       [1]    FARG_i2c_wb_val
0x00B0       [1]    FARG_i2c_rb_ack
0x00B0       [1]    FARG_Lcd_Chr_CP_out_char
0x00B1       [1]    i2c_wb_i_L0
0x00B1       [1]    i2c_rb_i_L0
0x00B2       [1]    i2c_rb_ret_L0
0x00B3       [1]    FARG_Lcd_Cmd_out_char
0x0F82       [0]    RC3_bit
0x0F82       [0]    RC4_bit
0x0F83       [0]    LCD_D6
0x0F83       [1]    PORTD
0x0F83       [0]    LCD_D7
0x0F83       [0]    LCD_D5
0x0F83       [0]    LCD_D4
0x0F83       [0]    RD6_bit
0x0F83       [0]    RD7_bit
0x0F83       [0]    RD5_bit
0x0F83       [0]    RD4_bit
0x0F84       [0]    RE1_bit
0x0F84       [0]    RE2_bit
0x0F84       [0]    LCD_EN
0x0F84       [0]    LCD_RS
0x0F84       [1]    PORTE
0x0F93       [1]    TRISB
0x0F94       [0]    TRISC4_bit
0x0F94       [1]    TRISC
0x0F95       [0]    LCD_D5_Direction
0x0F95       [0]    LCD_D6_Direction
0x0F95       [0]    LCD_D4_Direction
0x0F95       [0]    TRISD5_bit
0x0F95       [0]    TRISD6_bit
0x0F95       [0]    TRISD4_bit
0x0F95       [0]    TRISD7_bit
0x0F95       [0]    LCD_D7_Direction
0x0F95       [1]    TRISD
0x0F96       [0]    LCD_RS_Direction
0x0F96       [0]    TRISE2_bit
0x0F96       [0]    TRISE1_bit
0x0F96       [0]    LCD_EN_Direction
0x0F96       [1]    TRISE
0x0FD8       [1]    STATUS
0x0FD9       [1]    FSR2L
0x0FDA       [1]    FSR2H
0x0FDE       [1]    POSTINC2
0x0FE0       [1]    BSR
0x0FE1       [1]    FSR1L
0x0FE2       [1]    FSR1H
0x0FE4       [1]    PREINC1
0x0FE6       [1]    POSTINC1
0x0FE7       [1]    INDF1
0x0FE8       [1]    WREG
0x0FE9       [1]    FSR0L
0x0FEA       [1]    FSR0H
0x0FEE       [1]    POSTINC0
0x0FF3       [1]    PRODL
0x0FF4       [1]    PRODH
0x0FF5       [1]    TABLAT
0x0FF6       [1]    TBLPTRL
0x0FF7       [1]    TBLPTRH
0x0FF8       [1]    TBLPTRU
//** Constants locations ** 
//ADDRESS    SIZE    CONSTANT
//----------------------------------------------
0x0808      [17]    ?ICS?lstr2_Lcd
0x0819      [10]    ?ICS?lstr4_Application
0x0823      [15]    ?ICS?lstr1_Lcd
0x0832      [13]    ?ICS?lstr7_Application
0x083F      [11]    ?ICS?lstr6_Application
0x084A      [11]    ?ICS?lstr5_Application
0x0855      [17]    ?ICS?lstr3_Application
0x0866       [9]    ?ICS?lstr1_Application
0x086F      [16]    ?ICS?lstr2_Application
